#
# A fatal error has been detected by the Java Runtime Environment:
#
#  EXCEPTION_ACCESS_VIOLATION (0xc0000005) at pc=0x00007ffc07c2dece, pid=16984, tid=8744
#
# JRE version: Java(TM) SE Runtime Environment (9.0+11) (build 9.0.4+11)
# Java VM: Java HotSpot(TM) 64-Bit Server VM (9.0.4+11, mixed mode, tiered, compressed oops, g1 gc, windows-amd64)
# Problematic frame:
# C  0x00007ffc07c2dece
#
# No core dump will be written. Minidumps are not enabled by default on client versions of Windows
#
# If you would like to submit a bug report, please visit:
#   http://bugreport.java.com/bugreport/crash.jsp
# The crash happened outside the Java Virtual Machine in native code.
# See problematic frame for where to report the bug.
#

---------------  S U M M A R Y ------------

Command Line: -Dsun.java2d.pmoffscreen=false -Dsun.java2d.xrender=false -Dsun.java2d.d3d=false -Dsun.awt.nopixfmt=true -Dsun.java2d.dpiaware=true -Dsun.java2d.uiScale.enabled=false -Xverify:none -Dswing.aatext=true -XX:-UsePerfData -Djdk.map.althashing.threshold=512 -XX:StringTableSize=4072 --add-opens=java.base/java.nio=ALL-UNNAMED --add-opens=java.desktop/sun.swing=ALL-UNNAMED --add-opens=java.desktop/javax.swing=ALL-UNNAMED --add-opens=java.desktop/javax.swing.tree=ALL-UNNAMED --add-opens=java.desktop/javax.swing.plaf.basic=ALL-UNNAMED --add-opens=java.desktop/javax.swing.plaf.synth=ALL-UNNAMED --add-opens=java.desktop/com.sun.awt=ALL-UNNAMED -XX:NewSize=60m -XX:MaxNewSize=60m -Xms128m -Xmx3072m -Xss5m 

Host: Intel(R) Core(TM) i7-9750H CPU @ 2.60GHz, 12 cores, 7G,  Windows 10 , 64 bit Build 18362 (10.0.18362.1110)
Time: Thu Nov 19 15:05:33 2020 Vest-Europa (normaltid) elapsed time: 10900 seconds (0d 3h 1m 40s)

---------------  T H R E A D  ---------------

Current thread (0x0000021085be1000):  JavaThread "AWT-EventQueue-1" [_thread_in_native, id=8744, stack(0x000000d9ba400000,0x000000d9ba900000)]

Stack: [0x000000d9ba400000,0x000000d9ba900000],  sp=0x000000d9ba8fade0,  free space=5099k
Native frames: (J=compiled Java code, j=interpreted, Vv=VM code, C=native code)
C  0x00007ffc07c2dece
C  0x00007ffc07e3d885
C  0x00007ffc07e36471
C  0x00007ffc07e35ef6
C  0x00007ffc07e403a1
C  0x00007ffc07e3f79a
C  0x00007ffc07e3fa36
C  0x00007ffc07e6ad38
C  0x00000210eac7921c

Java frames: (J=compiled Java code, j=interpreted, Vv=VM code)
j  ui.views.waveform.waveformi.WVExecutive_setPrefsMessage(JLjava/lang/String;)V+0
j  ui.views.waveform.executive.a.Xl(Ljava/lang/String;)V+5
j  ui.views.waveform.a.gDd()V+128
j  ui.views.waveform.a.c(Lui/views/waveform/a;)V+1
j  ui.views.waveform.f.actionPerformed(Ljava/awt/event/ActionEvent;)V+4
J 27683 c2 javax.swing.JComboBox.fireActionEvent()V java.desktop@9.0.4 (156 bytes) @ 0x00000210f39e8d64 [0x00000210f39e8180+0x0000000000000be4]
J 27705 c2 ui.utils.o.e.e.setSelectedItem(Ljava/lang/Object;)V (42 bytes) @ 0x00000210f365c980 [0x00000210f365c7e0+0x00000000000001a0]
j  javax.swing.JComboBox.setSelectedIndex(I)V+58 java.desktop@9.0.4
j  javax.swing.plaf.basic.BasicComboPopup$Handler.mouseReleased(Ljava/awt/event/MouseEvent;)V+97 java.desktop@9.0.4
J 20537 c1 java.awt.AWTEventMulticaster.mouseReleased(Ljava/awt/event/MouseEvent;)V java.desktop@9.0.4 (27 bytes) @ 0x00000210eb60e9c4 [0x00000210eb60e600+0x00000000000003c4]
J 25685 c2 javax.swing.JComponent.processMouseEvent(Ljava/awt/event/MouseEvent;)V java.desktop@9.0.4 (27 bytes) @ 0x00000210f343dd90 [0x00000210f343dba0+0x00000000000001f0]
j  javax.swing.plaf.basic.BasicComboPopup$1.processMouseEvent(Ljava/awt/event/MouseEvent;)V+70 java.desktop@9.0.4
J 17858 c2 java.awt.Container.processEvent(Ljava/awt/AWTEvent;)V java.desktop@9.0.4 (22 bytes) @ 0x00000210f36d9da0 [0x00000210f36d9c40+0x0000000000000160]
J 26097 c2 java.awt.Component.dispatchEventImpl(Ljava/awt/AWTEvent;)V java.desktop@9.0.4 (739 bytes) @ 0x00000210f3f6f774 [0x00000210f3f6ee00+0x0000000000000974]
J 23646 c2 java.awt.Container.dispatchEventImpl(Ljava/awt/AWTEvent;)V java.desktop@9.0.4 (129 bytes) @ 0x00000210f3d2d048 [0x00000210f3d2cee0+0x0000000000000168]
J 26007 c2 java.awt.LightweightDispatcher.retargetMouseEvent(Ljava/awt/Component;ILjava/awt/event/MouseEvent;)V java.desktop@9.0.4 (350 bytes) @ 0x00000210f3a3c37c [0x00000210f3a3be40+0x000000000000053c]
J 26358 c2 java.awt.LightweightDispatcher.processMouseEvent(Ljava/awt/event/MouseEvent;)Z java.desktop@9.0.4 (265 bytes) @ 0x00000210f408e75c [0x00000210f408df40+0x000000000000081c]
J 23646 c2 java.awt.Container.dispatchEventImpl(Ljava/awt/AWTEvent;)V java.desktop@9.0.4 (129 bytes) @ 0x00000210f3d2cf98 [0x00000210f3d2cee0+0x00000000000000b8]
J 19424 c2 java.awt.Window.dispatchEventImpl(Ljava/awt/AWTEvent;)V java.desktop@9.0.4 (23 bytes) @ 0x00000210f33a618c [0x00000210f33a6140+0x000000000000004c]
J 12982 c2 java.awt.EventQueue$3.run()Ljava/lang/Object; java.desktop@9.0.4 (5 bytes) @ 0x00000210f31d5d54 [0x00000210f31d5ba0+0x00000000000001b4]
v  ~StubRoutines::call_stub
J 3764  java.security.AccessController.doPrivileged(Ljava/security/PrivilegedAction;Ljava/security/AccessControlContext;)Ljava/lang/Object; java.base@9.0.4 (0 bytes) @ 0x00000210f293a4c6 [0x00000210f293a460+0x0000000000000066]
J 17565 c2 java.awt.EventQueue$4.run()Ljava/lang/Object; java.desktop@9.0.4 (5 bytes) @ 0x00000210f36302b4 [0x00000210f3630060+0x0000000000000254]
v  ~StubRoutines::call_stub
J 3764  java.security.AccessController.doPrivileged(Ljava/security/PrivilegedAction;Ljava/security/AccessControlContext;)Ljava/lang/Object; java.base@9.0.4 (0 bytes) @ 0x00000210f293a4c6 [0x00000210f293a460+0x0000000000000066]
J 12936 c2 ui.frmwork.b.d.dispatchEvent(Ljava/awt/AWTEvent;)V (34 bytes) @ 0x00000210f31c12b4 [0x00000210f31c0c60+0x0000000000000654]
J 24268 c2 java.awt.EventDispatchThread.pumpOneEventForFilters(I)V java.desktop@9.0.4 (218 bytes) @ 0x00000210f3e6de44 [0x00000210f3e6daa0+0x00000000000003a4]
J 20763% c2 java.awt.EventDispatchThread.pumpEventsForFilter(ILjava/awt/Conditional;Ljava/awt/EventFilter;)V java.desktop@9.0.4 (47 bytes) @ 0x00000210f2e9ee78 [0x00000210f2e9ed60+0x0000000000000118]
j  java.awt.EventDispatchThread.pumpEventsForHierarchy(ILjava/awt/Conditional;Ljava/awt/Component;)V+11 java.desktop@9.0.4
j  java.awt.EventDispatchThread.pumpEvents(ILjava/awt/Conditional;)V+4 java.desktop@9.0.4
j  java.awt.EventDispatchThread.pumpEvents(Ljava/awt/Conditional;)V+3 java.desktop@9.0.4
j  java.awt.EventDispatchThread.run()V+9 java.desktop@9.0.4
v  ~StubRoutines::call_stub

siginfo: EXCEPTION_ACCESS_VIOLATION (0xc0000005), reading address 0x0000000000000000


Register to memory mapping:

RIP=0x00007ffc07c2dece is an unknown value
RAX=0x0000000000000000 is an unknown value
RBX=0x0000000000000000 is an unknown value
RCX=0x000000d9ba8fae80 is pointing into the stack for thread: 0x0000021085be1000
RDX=0x0000000000000000 is an unknown value
RSP=0x000000d9ba8fade0 is pointing into the stack for thread: 0x0000021085be1000
RBP=0x000000d9ba8faf50 is pointing into the stack for thread: 0x0000021085be1000
RSI=0x000000d9ba8fae80 is pointing into the stack for thread: 0x0000021085be1000
RDI=0x000000d9ba8fb0a8 is pointing into the stack for thread: 0x0000021085be1000
R8 =0x0000000000000000 is an unknown value
R9 =0x000000d9ba8faeb0 is pointing into the stack for thread: 0x0000021085be1000
R10=0x000000d9ba8fae90 is pointing into the stack for thread: 0x0000021085be1000
R11=0x0000000010000000 is an unknown value
R12=0x00007ffc08197210 is an unknown value
R13=0x00000210875258a0 is an unknown value
R14=0x0000000000000000 is an unknown value
R15=0x0000000000000000 is an unknown value


Registers:
RAX=0x0000000000000000, RBX=0x0000000000000000, RCX=0x000000d9ba8fae80, RDX=0x0000000000000000
RSP=0x000000d9ba8fade0, RBP=0x000000d9ba8faf50, RSI=0x000000d9ba8fae80, RDI=0x000000d9ba8fb0a8
R8 =0x0000000000000000, R9 =0x000000d9ba8faeb0, R10=0x000000d9ba8fae90, R11=0x0000000010000000
R12=0x00007ffc08197210, R13=0x00000210875258a0, R14=0x0000000000000000, R15=0x0000000000000000
RIP=0x00007ffc07c2dece, EFLAGS=0x0000000000010246

Top of Stack: (sp=0x000000d9ba8fade0)
0x000000d9ba8fade0:   0000000000000001 fffffffffffffffe
0x000000d9ba8fadf0:   000000d9ba8faf70 00007ffc861a62f3
0x000000d9ba8fae00:   fffffffffffffffe 000000d9ba8fae30
0x000000d9ba8fae10:   000000d9ba8fb168 000000d9ba8fb168
0x000000d9ba8fae20:   00007ffc08197258 0000000000000000
0x000000d9ba8fae30:   00007ffc08197210 000000d9ba8fb0a8
0x000000d9ba8fae40:   00007ffc08177bd8 00007ffc07e3d885
0x000000d9ba8fae50:   000000d9ba8fae80 000000d900000000
0x000000d9ba8fae60:   000000d9ba8fb168 0000000000000000
0x000000d9ba8fae70:   0000021000000002 fffffffffffffffe
0x000000d9ba8fae80:   00007ffc07fe2f70 00007ffc07fe2ee8
0x000000d9ba8fae90:   0000000000000000 0000000000000000
0x000000d9ba8faea0:   000000d9ba8fae90 000000d9ba8fae98
0x000000d9ba8faeb0:   0000000000000000 0000000000000000
0x000000d9ba8faec0:   000000d9ba8faeb0 000000d9ba8faeb8
0x000000d9ba8faed0:   0000000000000000 000000d9ba8faed0 

Instructions: (pc=0x00007ffc07c2dece)
0x00007ffc07c2deae:   83 ec 40 48 c7 44 24 20 fe ff ff ff 48 89 9c 24
0x00007ffc07c2debe:   80 00 00 00 4c 8b fa 48 8b f1 33 db 89 5c 24 78
0x00007ffc07c2dece:   38 1a 75 05 45 33 f6 eb 12 49 83 ce ff 0f 1f 44
0x00007ffc07c2dede:   00 00 49 ff c6 42 38 1c 32 75 f7 48 8b 01 48 63 



---------------  P R O C E S S  ---------------

Java Threads: ( => current thread )
  0x0000021089185000 JavaThread "Update Runs Swing Worker" [_thread_blocked, id=15192, stack(0x000000d9be500000,0x000000d9bea00000)]
  0x0000021089183000 JavaThread "Refresh Filesets Swing Worker" [_thread_blocked, id=10024, stack(0x000000d9bd900000,0x000000d9bde00000)]
  0x0000021089189800 JavaThread "Swing-Shell" daemon [_thread_blocked, id=13428, stack(0x000000d9bf900000,0x000000d9bfe00000)]
  0x0000021089189000 JavaThread "SyntheticaAnimation 50" daemon [_thread_blocked, id=8596, stack(0x000000d9bcf00000,0x000000d9bd400000)]
  0x0000021089188000 JavaThread "Image Animator 0" daemon [_thread_blocked, id=10692, stack(0x000000d9bea00000,0x000000d9bef00000)]
  0x0000021089181800 JavaThread "SyntheticaAnimation 50" daemon [_thread_blocked, id=8080, stack(0x000000d9b9500000,0x000000d9b9a00000)]
  0x0000021089183800 JavaThread "hw_ila_monitor" [_thread_blocked, id=4664, stack(0x000000d9bca00000,0x000000d9bcf00000)]
  0x0000021089186000 JavaThread "SyntheticaAnimation 70" daemon [_thread_blocked, id=13896, stack(0x000000d9ba900000,0x000000d9bae00000)]
  0x000002108917e800 JavaThread "SyntheticaAnimation 25" daemon [_thread_blocked, id=16616, stack(0x000000d9bc000000,0x000000d9bc500000)]
  0x0000021085f6e800 JavaThread "SyntheticaAnimation 50" daemon [_thread_blocked, id=16648, stack(0x000000d9bbb00000,0x000000d9bc000000)]
  0x0000021085f71000 JavaThread "Monitor HEventQueue" [_thread_blocked, id=16544, stack(0x000000d9bb600000,0x000000d9bbb00000)]
  0x0000021085f70000 JavaThread "SyntheticaCleanerThread" daemon [_thread_blocked, id=3588, stack(0x000000d9bae00000,0x000000d9bb300000)]
  0x0000021085f71800 JavaThread "Batik CleanerThread" daemon [_thread_blocked, id=1616, stack(0x000000d9b9a00000,0x000000d9b9f00000)]
=>0x0000021085be1000 JavaThread "AWT-EventQueue-1" [_thread_in_native, id=8744, stack(0x000000d9ba400000,0x000000d9ba900000)]
  0x0000021085f51000 JavaThread "Process Messages" [_thread_blocked, id=1800, stack(0x000000d9b9f00000,0x000000d9ba400000)]
  0x000002108509b000 JavaThread "Thread-1" [_thread_in_native, id=17208, stack(0x000000d9b2800000,0x000000d9b3c00000)]
  0x00000210854b4800 JavaThread "TimerQueue" daemon [_thread_blocked, id=16524, stack(0x000000d9b9000000,0x000000d9b9500000)]
  0x00000210e1c46800 JavaThread "AWT-Windows" daemon [_thread_in_native, id=16580, stack(0x000000d9b8b00000,0x000000d9b9000000)]
  0x00000210e1c39800 JavaThread "AWT-Shutdown" [_thread_blocked, id=16636, stack(0x000000d9b8600000,0x000000d9b8b00000)]
  0x00000210e1c57000 JavaThread "Java2D Disposer" daemon [_thread_blocked, id=17372, stack(0x000000d9b8100000,0x000000d9b8600000)]
  0x00000210e16dd000 JavaThread "Service Thread" daemon [_thread_blocked, id=17328, stack(0x000000d9b7b00000,0x000000d9b8000000)]
  0x00000210dedb9000 JavaThread "Common-Cleaner" daemon [_thread_blocked, id=17364, stack(0x000000d9b7600000,0x000000d9b7b00000)]
  0x00000210dedb8000 JavaThread "Sweeper thread" daemon [_thread_blocked, id=17356, stack(0x000000d9b7100000,0x000000d9b7600000)]
  0x00000210e3eda000 JavaThread "C1 CompilerThread3" daemon [_thread_blocked, id=17332, stack(0x000000d9b7000000,0x000000d9b7100000)]
  0x00000210e3ed9800 JavaThread "C2 CompilerThread2" daemon [_thread_blocked, id=17348, stack(0x000000d9b6f00000,0x000000d9b7000000)]
  0x00000210e27d5000 JavaThread "C2 CompilerThread1" daemon [_thread_blocked, id=17360, stack(0x000000d9b6e00000,0x000000d9b6f00000)]
  0x00000210e27d4800 JavaThread "C2 CompilerThread0" daemon [_thread_blocked, id=17340, stack(0x000000d9b6d00000,0x000000d9b6e00000)]
  0x00000210e3afb000 JavaThread "Attach Listener" daemon [_thread_blocked, id=17288, stack(0x000000d9b6800000,0x000000d9b6d00000)]
  0x00000210e3afa800 JavaThread "Signal Dispatcher" daemon [_thread_blocked, id=17304, stack(0x000000d9b6300000,0x000000d9b6800000)]
  0x00000210e11d3800 JavaThread "Finalizer" daemon [_thread_blocked, id=17316, stack(0x000000d9b5e00000,0x000000d9b6300000)]
  0x00000210e39d1800 JavaThread "Reference Handler" daemon [_thread_blocked, id=17312, stack(0x000000d9b5900000,0x000000d9b5e00000)]
  0x00000210e02ab000 JavaThread "main" [_thread_blocked, id=12676, stack(0x000000d9b3e00000,0x000000d9b3f00000)]

Other Threads:
  0x00000210e39d1000 VMThread "VM Thread" [stack: 0x000000d9b5800000,0x000000d9b5900000] [id=17300]
  0x00000210e1590800 WatcherThread [stack: 0x000000d9b8000000,0x000000d9b8100000] [id=1392]
  0x00000210e2bbf000 GCTaskThread "GC Thread#0" [stack: 0x000000d9b3f00000,0x000000d9b4000000] [id=9956]
  0x00000210e3adf000 GCTaskThread "GC Thread#1" [stack: 0x000000d9b4000000,0x000000d9b4100000] [id=12660]
  0x00000210e3ade800 GCTaskThread "GC Thread#2" [stack: 0x000000d9b4100000,0x000000d9b4200000] [id=12672]
  0x00000210e3ad9800 GCTaskThread "GC Thread#3" [stack: 0x000000d9b4200000,0x000000d9b4300000] [id=5708]
  0x00000210e3ad9000 GCTaskThread "GC Thread#4" [stack: 0x000000d9b4300000,0x000000d9b4400000] [id=12768]
  0x00000210e3ada000 GCTaskThread "GC Thread#5" [stack: 0x000000d9b4400000,0x000000d9b4500000] [id=17172]
  0x00000210e3add800 GCTaskThread "GC Thread#6" [stack: 0x000000d9b4500000,0x000000d9b4600000] [id=17180]
  0x00000210e3ade000 GCTaskThread "GC Thread#7" [stack: 0x000000d9b4600000,0x000000d9b4700000] [id=6128]
  0x00000210e3adb800 GCTaskThread "GC Thread#8" [stack: 0x000000d9b4700000,0x000000d9b4800000] [id=10392]
  0x00000210e3adc000 GCTaskThread "GC Thread#9" [stack: 0x000000d9b4800000,0x000000d9b4900000] [id=3572]
  0x00000210e006c800 ConcurrentGCThread "G1 Main Marker" [stack: 0x000000d9b5400000,0x000000d9b5500000] [id=4856]
  0x00000210e3ad8800 ConcurrentGCThread "G1 Marker#0" [stack: 0x000000d9b5500000,0x000000d9b5600000] [id=17308]
  0x00000210e3adb000 ConcurrentGCThread "G1 Marker#1" [stack: 0x000000d9b5600000,0x000000d9b5700000] [id=17296]
  0x00000210e3adc800 ConcurrentGCThread "G1 Marker#2" [stack: 0x000000d9b5700000,0x000000d9b5800000] [id=17292]
  0x00000210e01fb000 ConcurrentGCThread "G1 Refine#0" [stack: 0x000000d9b5200000,0x000000d9b5300000] [id=15620]
  0x00000210e01fa800 ConcurrentGCThread "G1 Refine#1" [stack: 0x000000d9b5100000,0x000000d9b5200000] [id=3044]
  0x00000210e0ba4800 ConcurrentGCThread "G1 Refine#2" [stack: 0x000000d9b5000000,0x000000d9b5100000] [id=15924]
  0x00000210df0ad000 ConcurrentGCThread "G1 Refine#3" [stack: 0x000000d9b4f00000,0x000000d9b5000000] [id=3136]
  0x00000210df0ac800 ConcurrentGCThread "G1 Refine#4" [stack: 0x000000d9b4e00000,0x000000d9b4f00000] [id=1472]
  0x00000210e3e74000 ConcurrentGCThread "G1 Refine#5" [stack: 0x000000d9b4d00000,0x000000d9b4e00000] [id=4800]
  0x00000210e03e5000 ConcurrentGCThread "G1 Refine#6" [stack: 0x000000d9b4c00000,0x000000d9b4d00000] [id=12184]
  0x00000210e03e4800 ConcurrentGCThread "G1 Refine#7" [stack: 0x000000d9b4b00000,0x000000d9b4c00000] [id=10188]
  0x00000210e02d7800 ConcurrentGCThread "G1 Refine#8" [stack: 0x000000d9b4a00000,0x000000d9b4b00000] [id=6824]
  0x00000210e2c9d800 ConcurrentGCThread "G1 Refine#9" [stack: 0x000000d9b4900000,0x000000d9b4a00000] [id=5452]
  0x00000210e2c87000 ConcurrentGCThread "G1 Young RemSet Sampling" [stack: 0x000000d9b5300000,0x000000d9b5400000] [id=13316]

Threads with active compile tasks:

VM state:not at safepoint (normal execution)

VM Mutex/Monitor currently owned by a thread: None

Heap address: 0x0000000700000000, size: 3072 MB, Compressed Oops mode: Zero based, Oop shift amount: 3
Narrow klass base: 0x0000000000000000, Narrow klass shift: 3
Compressed class space size: 1073741824 Address: 0x00000007c0000000

Heap:
 garbage-first heap   total 287744K, used 161167K [0x0000000700000000, 0x00000007001008c8, 0x00000007c0000000)
  region size 1024K, 49 young (50176K), 1 survivors (1024K)
 Metaspace       used 85778K, capacity 87693K, committed 94924K, reserved 1132544K
  class space    used 10908K, capacity 11297K, committed 12800K, reserved 1048576K
Heap Regions: E=young(eden), S=young(survivor), O=old, HS=humongous(starts), HC=humongous(continues), CS=collection set, F=free, A=archive, TS=gc time stamp, AC=allocation context, TAMS=top-at-mark-start (previous, next)
|   0|0x0000000700000000, 0x00000007000ffa88, 0x0000000700100000| 99%| O|  |TS  0|AC  0|TAMS 0x0000000700000000, 0x0000000700000000|
|   1|0x0000000700100000, 0x0000000700200000, 0x0000000700200000|100%|HS|  |TS  0|AC  0|TAMS 0x0000000700100000, 0x0000000700100000|
|   2|0x0000000700200000, 0x0000000700300000, 0x0000000700300000|100%|HC|  |TS  0|AC  0|TAMS 0x0000000700200000, 0x0000000700200000|
|   3|0x0000000700300000, 0x0000000700400000, 0x0000000700400000|100%|HS|  |TS  0|AC  0|TAMS 0x0000000700300000, 0x0000000700300000|
|   4|0x0000000700400000, 0x00000007004faa98, 0x0000000700500000| 97%| O|  |TS  0|AC  0|TAMS 0x0000000700400000, 0x0000000700400000|
|   5|0x0000000700500000, 0x00000007005fa8b8, 0x0000000700600000| 97%| O|  |TS  0|AC  0|TAMS 0x0000000700500000, 0x0000000700500000|
|   6|0x0000000700600000, 0x0000000700700000, 0x0000000700700000|100%| O|  |TS  0|AC  0|TAMS 0x0000000700600000, 0x0000000700600000|
|   7|0x0000000700700000, 0x0000000700800000, 0x0000000700800000|100%| O|  |TS  0|AC  0|TAMS 0x0000000700700000, 0x0000000700700000|
|   8|0x0000000700800000, 0x0000000700900000, 0x0000000700900000|100%| O|  |TS  0|AC  0|TAMS 0x0000000700800000, 0x0000000700800000|
|   9|0x0000000700900000, 0x00000007009dca80, 0x0000000700a00000| 86%| O|  |TS  0|AC  0|TAMS 0x0000000700900000, 0x0000000700900000|
|  10|0x0000000700a00000, 0x0000000700afeb08, 0x0000000700b00000| 99%| O|  |TS  0|AC  0|TAMS 0x0000000700a00000, 0x0000000700a00000|
|  11|0x0000000700b00000, 0x0000000700c00000, 0x0000000700c00000|100%|HS|  |TS  0|AC  0|TAMS 0x0000000700b00000, 0x0000000700b00000|
|  12|0x0000000700c00000, 0x0000000700cff660, 0x0000000700d00000| 99%| O|  |TS  0|AC  0|TAMS 0x0000000700c00000, 0x0000000700c00000|
|  13|0x0000000700d00000, 0x0000000700dfa698, 0x0000000700e00000| 97%| O|  |TS  0|AC  0|TAMS 0x0000000700d00000, 0x0000000700d00000|
|  14|0x0000000700e00000, 0x0000000700efb5e8, 0x0000000700f00000| 98%| O|  |TS  0|AC  0|TAMS 0x0000000700e00000, 0x0000000700e00000|
|  15|0x0000000700f00000, 0x0000000700ff8678, 0x0000000701000000| 97%| O|  |TS  0|AC  0|TAMS 0x0000000700f00000, 0x0000000700f00000|
|  16|0x0000000701000000, 0x0000000701100000, 0x0000000701100000|100%| O|  |TS  0|AC  0|TAMS 0x0000000701000000, 0x0000000701000000|
|  17|0x0000000701100000, 0x00000007011ffff0, 0x0000000701200000| 99%| O|  |TS  0|AC  0|TAMS 0x0000000701100000, 0x0000000701100000|
|  18|0x0000000701200000, 0x00000007012ffff8, 0x0000000701300000| 99%| O|  |TS  0|AC  0|TAMS 0x0000000701200000, 0x0000000701200000|
|  19|0x0000000701300000, 0x00000007013fffb8, 0x0000000701400000| 99%| O|  |TS  0|AC  0|TAMS 0x0000000701300000, 0x0000000701300000|
|  20|0x0000000701400000, 0x00000007014ffff0, 0x0000000701500000| 99%| O|  |TS  0|AC  0|TAMS 0x0000000701400000, 0x0000000701400000|
|  21|0x0000000701500000, 0x00000007015fffe8, 0x0000000701600000| 99%| O|  |TS  0|AC  0|TAMS 0x0000000701500000, 0x0000000701500000|
|  22|0x0000000701600000, 0x00000007016ffe80, 0x0000000701700000| 99%| O|  |TS  0|AC  0|TAMS 0x0000000701600000, 0x0000000701600000|
|  23|0x0000000701700000, 0x0000000701800000, 0x0000000701800000|100%| O|  |TS  0|AC  0|TAMS 0x0000000701700000, 0x0000000701700000|
|  24|0x0000000701800000, 0x0000000701900000, 0x0000000701900000|100%| O|  |TS  0|AC  0|TAMS 0x0000000701800000, 0x0000000701800000|
|  25|0x0000000701900000, 0x00000007019ffff8, 0x0000000701a00000| 99%| O|  |TS  0|AC  0|TAMS 0x0000000701900000, 0x0000000701900000|
|  26|0x0000000701a00000, 0x0000000701affec0, 0x0000000701b00000| 99%| O|  |TS  0|AC  0|TAMS 0x0000000701a00000, 0x0000000701a00000|
|  27|0x0000000701b00000, 0x0000000701bff318, 0x0000000701c00000| 99%| O|  |TS  0|AC  0|TAMS 0x0000000701b00000, 0x0000000701b00000|
|  28|0x0000000701c00000, 0x0000000701cfffe8, 0x0000000701d00000| 99%| O|  |TS  0|AC  0|TAMS 0x0000000701c00000, 0x0000000701c00000|
|  29|0x0000000701d00000, 0x0000000701dffff8, 0x0000000701e00000| 99%| O|  |TS  0|AC  0|TAMS 0x0000000701d00000, 0x0000000701d00000|
|  30|0x0000000701e00000, 0x0000000701effff8, 0x0000000701f00000| 99%| O|  |TS  0|AC  0|TAMS 0x0000000701e00000, 0x0000000701e00000|
|  31|0x0000000701f00000, 0x0000000702000000, 0x0000000702000000|100%| O|  |TS  0|AC  0|TAMS 0x0000000701f00000, 0x0000000701f00000|
|  32|0x0000000702000000, 0x0000000702100000, 0x0000000702100000|100%| O|  |TS  0|AC  0|TAMS 0x0000000702000000, 0x0000000702000000|
|  33|0x0000000702100000, 0x00000007021fdb20, 0x0000000702200000| 99%| O|  |TS  0|AC  0|TAMS 0x0000000702100000, 0x0000000702100000|
|  34|0x0000000702200000, 0x0000000702300000, 0x0000000702300000|100%| O|  |TS  0|AC  0|TAMS 0x0000000702200000, 0x0000000702200000|
|  35|0x0000000702300000, 0x00000007023ffff8, 0x0000000702400000| 99%| O|  |TS  0|AC  0|TAMS 0x0000000702300000, 0x0000000702300000|
|  36|0x0000000702400000, 0x00000007024fffe8, 0x0000000702500000| 99%| O|  |TS  0|AC  0|TAMS 0x0000000702400000, 0x0000000702400000|
|  37|0x0000000702500000, 0x0000000702600000, 0x0000000702600000|100%| O|  |TS  0|AC  0|TAMS 0x0000000702500000, 0x0000000702500000|
|  38|0x0000000702600000, 0x00000007026ffff8, 0x0000000702700000| 99%| O|  |TS  0|AC  0|TAMS 0x0000000702600000, 0x0000000702600000|
|  39|0x0000000702700000, 0x00000007027ffff0, 0x0000000702800000| 99%| O|  |TS  0|AC  0|TAMS 0x0000000702700000, 0x0000000702700000|
|  40|0x0000000702800000, 0x0000000702900000, 0x0000000702900000|100%| O|  |TS  0|AC  0|TAMS 0x0000000702800000, 0x0000000702800000|
|  41|0x0000000702900000, 0x00000007029fc098, 0x0000000702a00000| 98%| O|  |TS  0|AC  0|TAMS 0x0000000702900000, 0x0000000702900000|
|  42|0x0000000702a00000, 0x0000000702afffd8, 0x0000000702b00000| 99%| O|  |TS  0|AC  0|TAMS 0x0000000702a00000, 0x0000000702a00000|
|  43|0x0000000702b00000, 0x0000000702bfffe8, 0x0000000702c00000| 99%| O|  |TS  0|AC  0|TAMS 0x0000000702b00000, 0x0000000702b00000|
|  44|0x0000000702c00000, 0x0000000702cfff40, 0x0000000702d00000| 99%| O|  |TS  0|AC  0|TAMS 0x0000000702c00000, 0x0000000702c00000|
|  45|0x0000000702d00000, 0x0000000702e00000, 0x0000000702e00000|100%|HS|  |TS  0|AC  0|TAMS 0x0000000702d00000, 0x0000000702d00000|
|  46|0x0000000702e00000, 0x0000000702f00000, 0x0000000702f00000|100%|HC|  |TS  0|AC  0|TAMS 0x0000000702e00000, 0x0000000702e00000|
|  47|0x0000000702f00000, 0x0000000703000000, 0x0000000703000000|100%|HC|  |TS  0|AC  0|TAMS 0x0000000702f00000, 0x0000000702f00000|
|  48|0x0000000703000000, 0x0000000703100000, 0x0000000703100000|100%|HC|  |TS  0|AC  0|TAMS 0x0000000703000000, 0x0000000703000000|
|  49|0x0000000703100000, 0x0000000703200000, 0x0000000703200000|100%|HC|  |TS  0|AC  0|TAMS 0x0000000703100000, 0x0000000703100000|
|  50|0x0000000703200000, 0x0000000703300000, 0x0000000703300000|100%|HC|  |TS  0|AC  0|TAMS 0x0000000703200000, 0x0000000703200000|
|  51|0x0000000703300000, 0x0000000703400000, 0x0000000703400000|100%|HC|  |TS  0|AC  0|TAMS 0x0000000703300000, 0x0000000703300000|
|  52|0x0000000703400000, 0x0000000703500000, 0x0000000703500000|100%|HC|  |TS  0|AC  0|TAMS 0x0000000703400000, 0x0000000703400000|
|  53|0x0000000703500000, 0x00000007035fff20, 0x0000000703600000| 99%| O|  |TS  0|AC  0|TAMS 0x0000000703500000, 0x0000000703500000|
|  54|0x0000000703600000, 0x00000007036fe778, 0x0000000703700000| 99%| O|  |TS  0|AC  0|TAMS 0x0000000703600000, 0x0000000703600000|
|  55|0x0000000703700000, 0x00000007037ffea0, 0x0000000703800000| 99%| O|  |TS  0|AC  0|TAMS 0x0000000703700000, 0x0000000703700000|
|  56|0x0000000703800000, 0x00000007038fff98, 0x0000000703900000| 99%| O|  |TS  0|AC  0|TAMS 0x0000000703800000, 0x0000000703800000|
|  57|0x0000000703900000, 0x00000007039fffe8, 0x0000000703a00000| 99%| O|  |TS  0|AC  0|TAMS 0x0000000703900000, 0x0000000703900000|
|  58|0x0000000703a00000, 0x0000000703afffa0, 0x0000000703b00000| 99%| O|  |TS  0|AC  0|TAMS 0x0000000703a00000, 0x0000000703a00000|
|  59|0x0000000703b00000, 0x0000000703bfffe8, 0x0000000703c00000| 99%| O|  |TS  0|AC  0|TAMS 0x0000000703b00000, 0x0000000703b00000|
|  60|0x0000000703c00000, 0x0000000703cfff88, 0x0000000703d00000| 99%| O|  |TS  0|AC  0|TAMS 0x0000000703c00000, 0x0000000703c00000|
|  61|0x0000000703d00000, 0x0000000703dfffe0, 0x0000000703e00000| 99%| O|  |TS  0|AC  0|TAMS 0x0000000703d00000, 0x0000000703d00000|
|  62|0x0000000703e00000, 0x0000000703efffe8, 0x0000000703f00000| 99%| O|  |TS  0|AC  0|TAMS 0x0000000703e00000, 0x0000000703e00000|
|  63|0x0000000703f00000, 0x0000000704000000, 0x0000000704000000|100%| O|  |TS  0|AC  0|TAMS 0x0000000703f00000, 0x0000000703f00000|
|  64|0x0000000704000000, 0x00000007040fffe8, 0x0000000704100000| 99%| O|  |TS  0|AC  0|TAMS 0x0000000704000000, 0x0000000704000000|
|  65|0x0000000704100000, 0x00000007041fffe0, 0x0000000704200000| 99%| O|  |TS  0|AC  0|TAMS 0x0000000704100000, 0x0000000704100000|
|  66|0x0000000704200000, 0x00000007042fff28, 0x0000000704300000| 99%| O|  |TS  0|AC  0|TAMS 0x0000000704200000, 0x0000000704200000|
|  67|0x0000000704300000, 0x00000007043fffd8, 0x0000000704400000| 99%| O|  |TS  0|AC  0|TAMS 0x0000000704300000, 0x0000000704300000|
|  68|0x0000000704400000, 0x0000000704500000, 0x0000000704500000|100%| O|  |TS  0|AC  0|TAMS 0x0000000704400000, 0x0000000704400000|
|  69|0x0000000704500000, 0x00000007045ffef0, 0x0000000704600000| 99%| O|  |TS  0|AC  0|TAMS 0x0000000704500000, 0x0000000704500000|
|  70|0x0000000704600000, 0x0000000704700000, 0x0000000704700000|100%| O|  |TS  0|AC  0|TAMS 0x0000000704600000, 0x0000000704600000|
|  71|0x0000000704700000, 0x0000000704800000, 0x0000000704800000|100%| O|  |TS  0|AC  0|TAMS 0x0000000704700000, 0x0000000704700000|
|  72|0x0000000704800000, 0x00000007048ffff8, 0x0000000704900000| 99%| O|  |TS  0|AC  0|TAMS 0x0000000704800000, 0x0000000704800000|
|  73|0x0000000704900000, 0x00000007049ffff8, 0x0000000704a00000| 99%| O|  |TS  0|AC  0|TAMS 0x0000000704900000, 0x0000000704900000|
|  74|0x0000000704a00000, 0x0000000704aff9d0, 0x0000000704b00000| 99%| O|  |TS  0|AC  0|TAMS 0x0000000704a00000, 0x0000000704a00000|
|  75|0x0000000704b00000, 0x0000000704bfffd8, 0x0000000704c00000| 99%| O|  |TS  0|AC  0|TAMS 0x0000000704b00000, 0x0000000704b00000|
|  76|0x0000000704c00000, 0x0000000704cfffe8, 0x0000000704d00000| 99%| O|  |TS  0|AC  0|TAMS 0x0000000704c00000, 0x0000000704c00000|
|  77|0x0000000704d00000, 0x0000000704dfff78, 0x0000000704e00000| 99%| O|  |TS  0|AC  0|TAMS 0x0000000704d00000, 0x0000000704d00000|
|  78|0x0000000704e00000, 0x0000000704eff280, 0x0000000704f00000| 99%| O|  |TS  0|AC  0|TAMS 0x0000000704e00000, 0x0000000704e00000|
|  79|0x0000000704f00000, 0x0000000705000000, 0x0000000705000000|100%| O|  |TS  0|AC  0|TAMS 0x0000000704f00000, 0x0000000704f00000|
|  80|0x0000000705000000, 0x00000007050ffe38, 0x0000000705100000| 99%| O|  |TS  0|AC  0|TAMS 0x0000000705000000, 0x0000000705000000|
|  81|0x0000000705100000, 0x00000007051ffff8, 0x0000000705200000| 99%| O|  |TS  0|AC  0|TAMS 0x0000000705100000, 0x0000000705100000|
|  82|0x0000000705200000, 0x00000007052ffff0, 0x0000000705300000| 99%| O|  |TS  0|AC  0|TAMS 0x0000000705200000, 0x0000000705200000|
|  83|0x0000000705300000, 0x00000007053fffe8, 0x0000000705400000| 99%| O|  |TS  0|AC  0|TAMS 0x0000000705300000, 0x0000000705300000|
|  84|0x0000000705400000, 0x00000007054fffa8, 0x0000000705500000| 99%| O|  |TS  0|AC  0|TAMS 0x0000000705400000, 0x0000000705400000|
|  85|0x0000000705500000, 0x00000007055ffef8, 0x0000000705600000| 99%| O|  |TS  0|AC  0|TAMS 0x0000000705500000, 0x0000000705500000|
|  86|0x0000000705600000, 0x00000007056ffea8, 0x0000000705700000| 99%| O|  |TS  0|AC  0|TAMS 0x0000000705600000, 0x0000000705600000|
|  87|0x0000000705700000, 0x00000007057ff1f0, 0x0000000705800000| 99%| O|  |TS  0|AC  0|TAMS 0x0000000705700000, 0x0000000705700000|
|  88|0x0000000705800000, 0x0000000705900000, 0x0000000705900000|100%| O|  |TS  0|AC  0|TAMS 0x0000000705800000, 0x0000000705800000|
|  89|0x0000000705900000, 0x00000007059c6f28, 0x0000000705a00000| 77%| O|  |TS  0|AC  0|TAMS 0x0000000705900000, 0x0000000705900000|
|  90|0x0000000705a00000, 0x0000000705affff0, 0x0000000705b00000| 99%| O|  |TS  0|AC  0|TAMS 0x0000000705a00000, 0x0000000705a00000|
|  91|0x0000000705b00000, 0x0000000705b520f8, 0x0000000705c00000| 32%| O|  |TS  0|AC  0|TAMS 0x0000000705b00000, 0x0000000705b00000|
|  92|0x0000000705c00000, 0x0000000705d00000, 0x0000000705d00000|100%|HS|  |TS  0|AC  0|TAMS 0x0000000705c00000, 0x0000000705c00000|
|  93|0x0000000705d00000, 0x0000000705e00000, 0x0000000705e00000|100%|HC|  |TS  0|AC  0|TAMS 0x0000000705d00000, 0x0000000705d00000|
|  94|0x0000000705e00000, 0x0000000705f00000, 0x0000000705f00000|100%|HC|  |TS  0|AC  0|TAMS 0x0000000705e00000, 0x0000000705e00000|
|  95|0x0000000705f00000, 0x0000000706000000, 0x0000000706000000|100%|HC|  |TS  0|AC  0|TAMS 0x0000000705f00000, 0x0000000705f00000|
|  96|0x0000000706000000, 0x0000000706100000, 0x0000000706100000|100%|HS|  |TS  0|AC  0|TAMS 0x0000000706000000, 0x0000000706000000|
|  97|0x0000000706100000, 0x0000000706200000, 0x0000000706200000|100%|HC|  |TS  0|AC  0|TAMS 0x0000000706100000, 0x0000000706100000|
|  98|0x0000000706200000, 0x0000000706300000, 0x0000000706300000|100%|HC|  |TS  0|AC  0|TAMS 0x0000000706200000, 0x0000000706200000|
|  99|0x0000000706300000, 0x0000000706300000, 0x0000000706400000|  0%| F|  |TS  0|AC  0|TAMS 0x0000000706300000, 0x0000000706300000|
| 100|0x0000000706400000, 0x0000000706500000, 0x0000000706500000|100%|HS|  |TS  0|AC  0|TAMS 0x0000000706400000, 0x0000000706400000|
| 101|0x0000000706500000, 0x0000000706600000, 0x0000000706600000|100%|HC|  |TS  0|AC  0|TAMS 0x0000000706500000, 0x0000000706500000|
| 102|0x0000000706600000, 0x0000000706700000, 0x0000000706700000|100%|HC|  |TS  0|AC  0|TAMS 0x0000000706600000, 0x0000000706600000|
| 103|0x0000000706700000, 0x0000000706800000, 0x0000000706800000|100%|HC|  |TS  0|AC  0|TAMS 0x0000000706700000, 0x0000000706700000|
| 104|0x0000000706800000, 0x0000000706900000, 0x0000000706900000|100%|HS|  |TS  0|AC  0|TAMS 0x0000000706800000, 0x0000000706800000|
| 105|0x0000000706900000, 0x0000000706a00000, 0x0000000706a00000|100%|HC|  |TS  0|AC  0|TAMS 0x0000000706900000, 0x0000000706900000|
| 106|0x0000000706a00000, 0x0000000706b00000, 0x0000000706b00000|100%|HC|  |TS  0|AC  0|TAMS 0x0000000706a00000, 0x0000000706a00000|
| 107|0x0000000706b00000, 0x0000000706c00000, 0x0000000706c00000|100%|HC|  |TS  0|AC  0|TAMS 0x0000000706b00000, 0x0000000706b00000|
| 108|0x0000000706c00000, 0x0000000706d00000, 0x0000000706d00000|100%|HC|  |TS  0|AC  0|TAMS 0x0000000706c00000, 0x0000000706c00000|
| 109|0x0000000706d00000, 0x0000000706e00000, 0x0000000706e00000|100%|HS|  |TS  0|AC  0|TAMS 0x0000000706d00000, 0x0000000706d00000|
| 110|0x0000000706e00000, 0x0000000706f00000, 0x0000000706f00000|100%|HC|  |TS  0|AC  0|TAMS 0x0000000706e00000, 0x0000000706e00000|
| 111|0x0000000706f00000, 0x0000000707000000, 0x0000000707000000|100%|HC|  |TS  0|AC  0|TAMS 0x0000000706f00000, 0x0000000706f00000|
| 112|0x0000000707000000, 0x0000000707000000, 0x0000000707100000|  0%| F|  |TS  0|AC  0|TAMS 0x0000000707000000, 0x0000000707000000|
| 113|0x0000000707100000, 0x0000000707100000, 0x0000000707200000|  0%| F|  |TS  0|AC  0|TAMS 0x0000000707100000, 0x0000000707100000|
| 114|0x0000000707200000, 0x0000000707200000, 0x0000000707300000|  0%| F|  |TS  0|AC  0|TAMS 0x0000000707200000, 0x0000000707200000|
| 115|0x0000000707300000, 0x0000000707300000, 0x0000000707400000|  0%| F|  |TS  0|AC  0|TAMS 0x0000000707300000, 0x0000000707300000|
| 116|0x0000000707400000, 0x0000000707400000, 0x0000000707500000|  0%| F|  |TS  0|AC  0|TAMS 0x0000000707400000, 0x0000000707400000|
| 117|0x0000000707500000, 0x0000000707500000, 0x0000000707600000|  0%| F|  |TS  0|AC  0|TAMS 0x0000000707500000, 0x0000000707500000|
| 118|0x0000000707600000, 0x0000000707600000, 0x0000000707700000|  0%| F|  |TS  0|AC  0|TAMS 0x0000000707600000, 0x0000000707600000|
| 119|0x0000000707700000, 0x0000000707700000, 0x0000000707800000|  0%| F|  |TS  0|AC  0|TAMS 0x0000000707700000, 0x0000000707700000|
| 120|0x0000000707800000, 0x0000000707800000, 0x0000000707900000|  0%| F|  |TS  0|AC  0|TAMS 0x0000000707800000, 0x0000000707800000|
| 121|0x0000000707900000, 0x0000000707900000, 0x0000000707a00000|  0%| F|  |TS  0|AC  0|TAMS 0x0000000707900000, 0x0000000707900000|
| 122|0x0000000707a00000, 0x0000000707a00000, 0x0000000707b00000|  0%| F|  |TS  0|AC  0|TAMS 0x0000000707a00000, 0x0000000707a00000|
| 123|0x0000000707b00000, 0x0000000707b00000, 0x0000000707c00000|  0%| F|  |TS  0|AC  0|TAMS 0x0000000707b00000, 0x0000000707b00000|
| 124|0x0000000707c00000, 0x0000000707c00000, 0x0000000707d00000|  0%| F|  |TS  0|AC  0|TAMS 0x0000000707c00000, 0x0000000707c00000|
| 125|0x0000000707d00000, 0x0000000707d00000, 0x0000000707e00000|  0%| F|  |TS  0|AC  0|TAMS 0x0000000707d00000, 0x0000000707d00000|
| 126|0x0000000707e00000, 0x0000000707e00000, 0x0000000707f00000|  0%| F|  |TS  0|AC  0|TAMS 0x0000000707e00000, 0x0000000707e00000|
| 127|0x0000000707f00000, 0x0000000707f00000, 0x0000000708000000|  0%| F|  |TS  0|AC  0|TAMS 0x0000000707f00000, 0x0000000707f00000|
| 128|0x0000000708000000, 0x0000000708000000, 0x0000000708100000|  0%| F|  |TS  0|AC  0|TAMS 0x0000000708000000, 0x0000000708000000|
| 129|0x0000000708100000, 0x0000000708100000, 0x0000000708200000|  0%| F|  |TS  0|AC  0|TAMS 0x0000000708100000, 0x0000000708100000|
| 130|0x0000000708200000, 0x0000000708200000, 0x0000000708300000|  0%| F|  |TS  0|AC  0|TAMS 0x0000000708200000, 0x0000000708200000|
| 131|0x0000000708300000, 0x0000000708300000, 0x0000000708400000|  0%| F|  |TS  0|AC  0|TAMS 0x0000000708300000, 0x0000000708300000|
| 132|0x0000000708400000, 0x0000000708400000, 0x0000000708500000|  0%| F|  |TS  0|AC  0|TAMS 0x0000000708400000, 0x0000000708400000|
| 133|0x0000000708500000, 0x0000000708500000, 0x0000000708600000|  0%| F|  |TS  0|AC  0|TAMS 0x0000000708500000, 0x0000000708500000|
| 134|0x0000000708600000, 0x0000000708600000, 0x0000000708700000|  0%| F|  |TS  0|AC  0|TAMS 0x0000000708600000, 0x0000000708600000|
| 135|0x0000000708700000, 0x0000000708700000, 0x0000000708800000|  0%| F|  |TS  0|AC  0|TAMS 0x0000000708700000, 0x0000000708700000|
| 136|0x0000000708800000, 0x0000000708800000, 0x0000000708900000|  0%| F|  |TS  0|AC  0|TAMS 0x0000000708800000, 0x0000000708800000|
| 137|0x0000000708900000, 0x0000000708900000, 0x0000000708a00000|  0%| F|  |TS  0|AC  0|TAMS 0x0000000708900000, 0x0000000708900000|
| 138|0x0000000708a00000, 0x0000000708a00000, 0x0000000708b00000|  0%| F|  |TS  0|AC  0|TAMS 0x0000000708a00000, 0x0000000708a00000|
| 139|0x0000000708b00000, 0x0000000708b00000, 0x0000000708c00000|  0%| F|  |TS  0|AC  0|TAMS 0x0000000708b00000, 0x0000000708b00000|
| 140|0x0000000708c00000, 0x0000000708c00000, 0x0000000708d00000|  0%| F|  |TS  0|AC  0|TAMS 0x0000000708c00000, 0x0000000708c00000|
| 141|0x0000000708d00000, 0x0000000708d00000, 0x0000000708e00000|  0%| F|  |TS  0|AC  0|TAMS 0x0000000708d00000, 0x0000000708d00000|
| 142|0x0000000708e00000, 0x0000000708e00000, 0x0000000708f00000|  0%| F|  |TS  0|AC  0|TAMS 0x0000000708e00000, 0x0000000708e00000|
| 143|0x0000000708f00000, 0x0000000708f00000, 0x0000000709000000|  0%| F|  |TS  0|AC  0|TAMS 0x0000000708f00000, 0x0000000708f00000|
| 144|0x0000000709000000, 0x0000000709000000, 0x0000000709100000|  0%| F|  |TS  0|AC  0|TAMS 0x0000000709000000, 0x0000000709000000|
| 145|0x0000000709100000, 0x0000000709100000, 0x0000000709200000|  0%| F|  |TS  0|AC  0|TAMS 0x0000000709100000, 0x0000000709100000|
| 146|0x0000000709200000, 0x0000000709200000, 0x0000000709300000|  0%| F|  |TS  0|AC  0|TAMS 0x0000000709200000, 0x0000000709200000|
| 147|0x0000000709300000, 0x0000000709300000, 0x0000000709400000|  0%| F|  |TS  0|AC  0|TAMS 0x0000000709300000, 0x0000000709300000|
| 148|0x0000000709400000, 0x0000000709400000, 0x0000000709500000|  0%| F|  |TS  0|AC  0|TAMS 0x0000000709400000, 0x0000000709400000|
| 149|0x0000000709500000, 0x0000000709500000, 0x0000000709600000|  0%| F|  |TS  0|AC  0|TAMS 0x0000000709500000, 0x0000000709500000|
| 150|0x0000000709600000, 0x0000000709600000, 0x0000000709700000|  0%| F|  |TS  0|AC  0|TAMS 0x0000000709600000, 0x0000000709600000|
| 151|0x0000000709700000, 0x0000000709700000, 0x0000000709800000|  0%| F|  |TS  0|AC  0|TAMS 0x0000000709700000, 0x0000000709700000|
| 152|0x0000000709800000, 0x0000000709800000, 0x0000000709900000|  0%| F|  |TS  0|AC  0|TAMS 0x0000000709800000, 0x0000000709800000|
| 153|0x0000000709900000, 0x0000000709900000, 0x0000000709a00000|  0%| F|  |TS  0|AC  0|TAMS 0x0000000709900000, 0x0000000709900000|
| 154|0x0000000709a00000, 0x0000000709a00000, 0x0000000709b00000|  0%| F|  |TS  0|AC  0|TAMS 0x0000000709a00000, 0x0000000709a00000|
| 155|0x0000000709b00000, 0x0000000709b00000, 0x0000000709c00000|  0%| F|  |TS  0|AC  0|TAMS 0x0000000709b00000, 0x0000000709b00000|
| 156|0x0000000709c00000, 0x0000000709c00000, 0x0000000709d00000|  0%| F|  |TS  0|AC  0|TAMS 0x0000000709c00000, 0x0000000709c00000|
| 157|0x0000000709d00000, 0x0000000709d00000, 0x0000000709e00000|  0%| F|  |TS  0|AC  0|TAMS 0x0000000709d00000, 0x0000000709d00000|
| 158|0x0000000709e00000, 0x0000000709e00000, 0x0000000709f00000|  0%| F|  |TS  0|AC  0|TAMS 0x0000000709e00000, 0x0000000709e00000|
| 159|0x0000000709f00000, 0x0000000709f00000, 0x000000070a000000|  0%| F|  |TS  0|AC  0|TAMS 0x0000000709f00000, 0x0000000709f00000|
| 160|0x000000070a000000, 0x000000070a000000, 0x000000070a100000|  0%| F|  |TS  0|AC  0|TAMS 0x000000070a000000, 0x000000070a000000|
| 161|0x000000070a100000, 0x000000070a100000, 0x000000070a200000|  0%| F|  |TS  0|AC  0|TAMS 0x000000070a100000, 0x000000070a100000|
| 162|0x000000070a200000, 0x000000070a200000, 0x000000070a300000|  0%| F|  |TS  0|AC  0|TAMS 0x000000070a200000, 0x000000070a200000|
| 163|0x000000070a300000, 0x000000070a300000, 0x000000070a400000|  0%| F|  |TS  0|AC  0|TAMS 0x000000070a300000, 0x000000070a300000|
| 164|0x000000070a400000, 0x000000070a400000, 0x000000070a500000|  0%| F|  |TS  0|AC  0|TAMS 0x000000070a400000, 0x000000070a400000|
| 165|0x000000070a500000, 0x000000070a500000, 0x000000070a600000|  0%| F|  |TS  0|AC  0|TAMS 0x000000070a500000, 0x000000070a500000|
| 166|0x000000070a600000, 0x000000070a600000, 0x000000070a700000|  0%| F|  |TS  0|AC  0|TAMS 0x000000070a600000, 0x000000070a600000|
| 167|0x000000070a700000, 0x000000070a700000, 0x000000070a800000|  0%| F|  |TS  0|AC  0|TAMS 0x000000070a700000, 0x000000070a700000|
| 168|0x000000070a800000, 0x000000070a800000, 0x000000070a900000|  0%| F|  |TS  0|AC  0|TAMS 0x000000070a800000, 0x000000070a800000|
| 169|0x000000070a900000, 0x000000070a900000, 0x000000070aa00000|  0%| F|  |TS  0|AC  0|TAMS 0x000000070a900000, 0x000000070a900000|
| 170|0x000000070aa00000, 0x000000070aa00000, 0x000000070ab00000|  0%| F|  |TS  0|AC  0|TAMS 0x000000070aa00000, 0x000000070aa00000|
| 171|0x000000070ab00000, 0x000000070ab00000, 0x000000070ac00000|  0%| F|  |TS  0|AC  0|TAMS 0x000000070ab00000, 0x000000070ab00000|
| 172|0x000000070ac00000, 0x000000070ac00000, 0x000000070ad00000|  0%| F|  |TS  0|AC  0|TAMS 0x000000070ac00000, 0x000000070ac00000|
| 173|0x000000070ad00000, 0x000000070ad00000, 0x000000070ae00000|  0%| F|  |TS  0|AC  0|TAMS 0x000000070ad00000, 0x000000070ad00000|
| 174|0x000000070ae00000, 0x000000070ae00000, 0x000000070af00000|  0%| F|  |TS  0|AC  0|TAMS 0x000000070ae00000, 0x000000070ae00000|
| 175|0x000000070af00000, 0x000000070af00000, 0x000000070b000000|  0%| F|  |TS  0|AC  0|TAMS 0x000000070af00000, 0x000000070af00000|
| 176|0x000000070b000000, 0x000000070b000000, 0x000000070b100000|  0%| F|  |TS  0|AC  0|TAMS 0x000000070b000000, 0x000000070b000000|
| 177|0x000000070b100000, 0x000000070b100000, 0x000000070b200000|  0%| F|  |TS  0|AC  0|TAMS 0x000000070b100000, 0x000000070b100000|
| 178|0x000000070b200000, 0x000000070b200000, 0x000000070b300000|  0%| F|  |TS  0|AC  0|TAMS 0x000000070b200000, 0x000000070b200000|
| 179|0x000000070b300000, 0x000000070b300000, 0x000000070b400000|  0%| F|  |TS  0|AC  0|TAMS 0x000000070b300000, 0x000000070b300000|
| 180|0x000000070b400000, 0x000000070b400000, 0x000000070b500000|  0%| F|  |TS  0|AC  0|TAMS 0x000000070b400000, 0x000000070b400000|
| 181|0x000000070b500000, 0x000000070b500000, 0x000000070b600000|  0%| F|  |TS  0|AC  0|TAMS 0x000000070b500000, 0x000000070b500000|
| 182|0x000000070b600000, 0x000000070b600000, 0x000000070b700000|  0%| F|  |TS  0|AC  0|TAMS 0x000000070b600000, 0x000000070b600000|
| 183|0x000000070b700000, 0x000000070b700000, 0x000000070b800000|  0%| F|  |TS  0|AC  0|TAMS 0x000000070b700000, 0x000000070b700000|
| 184|0x000000070b800000, 0x000000070b800000, 0x000000070b900000|  0%| F|  |TS  0|AC  0|TAMS 0x000000070b800000, 0x000000070b800000|
| 185|0x000000070b900000, 0x000000070b900000, 0x000000070ba00000|  0%| F|  |TS  0|AC  0|TAMS 0x000000070b900000, 0x000000070b900000|
| 186|0x000000070ba00000, 0x000000070ba00000, 0x000000070bb00000|  0%| F|  |TS  0|AC  0|TAMS 0x000000070ba00000, 0x000000070ba00000|
| 187|0x000000070bb00000, 0x000000070bb00000, 0x000000070bc00000|  0%| F|  |TS  0|AC  0|TAMS 0x000000070bb00000, 0x000000070bb00000|
| 188|0x000000070bc00000, 0x000000070bc00000, 0x000000070bd00000|  0%| F|  |TS  0|AC  0|TAMS 0x000000070bc00000, 0x000000070bc00000|
| 189|0x000000070bd00000, 0x000000070bd00000, 0x000000070be00000|  0%| F|  |TS  0|AC  0|TAMS 0x000000070bd00000, 0x000000070bd00000|
| 190|0x000000070be00000, 0x000000070be00000, 0x000000070bf00000|  0%| F|  |TS  0|AC  0|TAMS 0x000000070be00000, 0x000000070be00000|
| 191|0x000000070bf00000, 0x000000070bf00000, 0x000000070c000000|  0%| F|  |TS  0|AC  0|TAMS 0x000000070bf00000, 0x000000070bf00000|
| 192|0x000000070c000000, 0x000000070c000000, 0x000000070c100000|  0%| F|  |TS  0|AC  0|TAMS 0x000000070c000000, 0x000000070c000000|
| 193|0x000000070c100000, 0x000000070c100000, 0x000000070c200000|  0%| F|  |TS  0|AC  0|TAMS 0x000000070c100000, 0x000000070c100000|
| 194|0x000000070c200000, 0x000000070c200000, 0x000000070c300000|  0%| F|  |TS  0|AC  0|TAMS 0x000000070c200000, 0x000000070c200000|
| 195|0x000000070c300000, 0x000000070c300000, 0x000000070c400000|  0%| F|  |TS  0|AC  0|TAMS 0x000000070c300000, 0x000000070c300000|
| 196|0x000000070c400000, 0x000000070c400000, 0x000000070c500000|  0%| F|  |TS  0|AC  0|TAMS 0x000000070c400000, 0x000000070c400000|
| 197|0x000000070c500000, 0x000000070c500000, 0x000000070c600000|  0%| F|  |TS  0|AC  0|TAMS 0x000000070c500000, 0x000000070c500000|
| 198|0x000000070c600000, 0x000000070c600000, 0x000000070c700000|  0%| F|  |TS  0|AC  0|TAMS 0x000000070c600000, 0x000000070c600000|
| 199|0x000000070c700000, 0x000000070c700000, 0x000000070c800000|  0%| F|  |TS  0|AC  0|TAMS 0x000000070c700000, 0x000000070c700000|
| 200|0x000000070c800000, 0x000000070c800000, 0x000000070c900000|  0%| F|  |TS  0|AC  0|TAMS 0x000000070c800000, 0x000000070c800000|
| 201|0x000000070c900000, 0x000000070c900000, 0x000000070ca00000|  0%| F|  |TS  0|AC  0|TAMS 0x000000070c900000, 0x000000070c900000|
| 202|0x000000070ca00000, 0x000000070ca00000, 0x000000070cb00000|  0%| F|  |TS  0|AC  0|TAMS 0x000000070ca00000, 0x000000070ca00000|
| 203|0x000000070cb00000, 0x000000070cb00000, 0x000000070cc00000|  0%| F|  |TS  0|AC  0|TAMS 0x000000070cb00000, 0x000000070cb00000|
| 204|0x000000070cc00000, 0x000000070cc00000, 0x000000070cd00000|  0%| F|  |TS  0|AC  0|TAMS 0x000000070cc00000, 0x000000070cc00000|
| 205|0x000000070cd00000, 0x000000070cd00000, 0x000000070ce00000|  0%| F|  |TS  0|AC  0|TAMS 0x000000070cd00000, 0x000000070cd00000|
| 206|0x000000070ce00000, 0x000000070ce00000, 0x000000070cf00000|  0%| F|  |TS  0|AC  0|TAMS 0x000000070ce00000, 0x000000070ce00000|
| 207|0x000000070cf00000, 0x000000070cf00000, 0x000000070d000000|  0%| F|  |TS  0|AC  0|TAMS 0x000000070cf00000, 0x000000070cf00000|
| 208|0x000000070d000000, 0x000000070d000000, 0x000000070d100000|  0%| F|  |TS  0|AC  0|TAMS 0x000000070d000000, 0x000000070d000000|
| 209|0x000000070d100000, 0x000000070d100000, 0x000000070d200000|  0%| F|  |TS  0|AC  0|TAMS 0x000000070d100000, 0x000000070d100000|
| 210|0x000000070d200000, 0x000000070d200000, 0x000000070d300000|  0%| F|  |TS  0|AC  0|TAMS 0x000000070d200000, 0x000000070d200000|
| 211|0x000000070d300000, 0x000000070d300000, 0x000000070d400000|  0%| F|  |TS  0|AC  0|TAMS 0x000000070d300000, 0x000000070d300000|
| 212|0x000000070d400000, 0x000000070d400000, 0x000000070d500000|  0%| F|  |TS  0|AC  0|TAMS 0x000000070d400000, 0x000000070d400000|
| 213|0x000000070d500000, 0x000000070d500000, 0x000000070d600000|  0%| F|  |TS  0|AC  0|TAMS 0x000000070d500000, 0x000000070d500000|
| 214|0x000000070d600000, 0x000000070d600000, 0x000000070d700000|  0%| F|  |TS  0|AC  0|TAMS 0x000000070d600000, 0x000000070d600000|
| 215|0x000000070d700000, 0x000000070d700000, 0x000000070d800000|  0%| F|  |TS  0|AC  0|TAMS 0x000000070d700000, 0x000000070d700000|
| 216|0x000000070d800000, 0x000000070d800000, 0x000000070d900000|  0%| F|  |TS  0|AC  0|TAMS 0x000000070d800000, 0x000000070d800000|
| 217|0x000000070d900000, 0x000000070d900000, 0x000000070da00000|  0%| F|  |TS  0|AC  0|TAMS 0x000000070d900000, 0x000000070d900000|
| 218|0x000000070da00000, 0x000000070da00000, 0x000000070db00000|  0%| F|  |TS  0|AC  0|TAMS 0x000000070da00000, 0x000000070da00000|
| 219|0x000000070db00000, 0x000000070db00000, 0x000000070dc00000|  0%| F|  |TS  0|AC  0|TAMS 0x000000070db00000, 0x000000070db00000|
| 220|0x000000070dc00000, 0x000000070dc00000, 0x000000070dd00000|  0%| F|  |TS 15|AC  0|TAMS 0x000000070dc00000, 0x000000070dc00000|
| 221|0x000000070dd00000, 0x000000070dd00000, 0x000000070de00000|  0%| F|  |TS 17|AC  0|TAMS 0x000000070dd00000, 0x000000070dd00000|
| 222|0x000000070de00000, 0x000000070de00000, 0x000000070df00000|  0%| F|  |TS 15|AC  0|TAMS 0x000000070de00000, 0x000000070de00000|
| 223|0x000000070df00000, 0x000000070df00000, 0x000000070e000000|  0%| F|  |TS 15|AC  0|TAMS 0x000000070df00000, 0x000000070df00000|
| 224|0x000000070e000000, 0x000000070e000000, 0x000000070e100000|  0%| F|  |TS 15|AC  0|TAMS 0x000000070e000000, 0x000000070e000000|
| 225|0x000000070e100000, 0x000000070e100000, 0x000000070e200000|  0%| F|  |TS 15|AC  0|TAMS 0x000000070e100000, 0x000000070e100000|
| 226|0x000000070e200000, 0x000000070e200000, 0x000000070e300000|  0%| F|  |TS 15|AC  0|TAMS 0x000000070e200000, 0x000000070e200000|
| 227|0x000000070e300000, 0x000000070e300000, 0x000000070e400000|  0%| F|  |TS 15|AC  0|TAMS 0x000000070e300000, 0x000000070e300000|
| 228|0x000000070e400000, 0x000000070e400000, 0x000000070e500000|  0%| F|  |TS 15|AC  0|TAMS 0x000000070e400000, 0x000000070e400000|
| 229|0x000000070e500000, 0x000000070e500000, 0x000000070e600000|  0%| F|  |TS 15|AC  0|TAMS 0x000000070e500000, 0x000000070e500000|
| 230|0x000000070e600000, 0x000000070e600000, 0x000000070e700000|  0%| F|  |TS 15|AC  0|TAMS 0x000000070e600000, 0x000000070e600000|
| 231|0x000000070e700000, 0x000000070e700000, 0x000000070e800000|  0%| F|  |TS 15|AC  0|TAMS 0x000000070e700000, 0x000000070e700000|
| 232|0x000000070e800000, 0x000000070e8a33f8, 0x000000070e900000| 63%| E|  |TS 15|AC  0|TAMS 0x000000070e800000, 0x000000070e800000|
| 233|0x000000070e900000, 0x000000070ea00000, 0x000000070ea00000|100%| E|CS|TS 15|AC  0|TAMS 0x000000070e900000, 0x000000070e900000|
| 234|0x000000070ea00000, 0x000000070eb00000, 0x000000070eb00000|100%| E|CS|TS 15|AC  0|TAMS 0x000000070ea00000, 0x000000070ea00000|
| 235|0x000000070eb00000, 0x000000070ec00000, 0x000000070ec00000|100%| E|CS|TS 15|AC  0|TAMS 0x000000070eb00000, 0x000000070eb00000|
| 236|0x000000070ec00000, 0x000000070ed00000, 0x000000070ed00000|100%| E|CS|TS 15|AC  0|TAMS 0x000000070ec00000, 0x000000070ec00000|
| 237|0x000000070ed00000, 0x000000070ee00000, 0x000000070ee00000|100%| E|CS|TS 15|AC  0|TAMS 0x000000070ed00000, 0x000000070ed00000|
| 238|0x000000070ee00000, 0x000000070ef00000, 0x000000070ef00000|100%| E|CS|TS 15|AC  0|TAMS 0x000000070ee00000, 0x000000070ee00000|
| 239|0x000000070ef00000, 0x000000070f000000, 0x000000070f000000|100%| E|CS|TS 15|AC  0|TAMS 0x000000070ef00000, 0x000000070ef00000|
| 240|0x000000070f000000, 0x000000070f100000, 0x000000070f100000|100%| E|CS|TS 15|AC  0|TAMS 0x000000070f000000, 0x000000070f000000|
| 241|0x000000070f100000, 0x000000070f200000, 0x000000070f200000|100%| E|CS|TS 15|AC  0|TAMS 0x000000070f100000, 0x000000070f100000|
| 242|0x000000070f200000, 0x000000070f300000, 0x000000070f300000|100%| E|CS|TS 15|AC  0|TAMS 0x000000070f200000, 0x000000070f200000|
| 243|0x000000070f300000, 0x000000070f400000, 0x000000070f400000|100%| E|CS|TS 15|AC  0|TAMS 0x000000070f300000, 0x000000070f300000|
| 244|0x000000070f400000, 0x000000070f500000, 0x000000070f500000|100%| E|CS|TS 15|AC  0|TAMS 0x000000070f400000, 0x000000070f400000|
| 245|0x000000070f500000, 0x000000070f600000, 0x000000070f600000|100%| E|CS|TS 15|AC  0|TAMS 0x000000070f500000, 0x000000070f500000|
| 246|0x000000070f600000, 0x000000070f700000, 0x000000070f700000|100%| E|CS|TS 15|AC  0|TAMS 0x000000070f600000, 0x000000070f600000|
| 247|0x000000070f700000, 0x000000070f800000, 0x000000070f800000|100%| E|CS|TS 15|AC  0|TAMS 0x000000070f700000, 0x000000070f700000|
| 248|0x000000070f800000, 0x000000070f900000, 0x000000070f900000|100%| E|CS|TS 15|AC  0|TAMS 0x000000070f800000, 0x000000070f800000|
| 249|0x000000070f900000, 0x000000070fa00000, 0x000000070fa00000|100%| E|CS|TS 15|AC  0|TAMS 0x000000070f900000, 0x000000070f900000|
| 250|0x000000070fa00000, 0x000000070fb00000, 0x000000070fb00000|100%| E|CS|TS 15|AC  0|TAMS 0x000000070fa00000, 0x000000070fa00000|
| 251|0x000000070fb00000, 0x000000070fc00000, 0x000000070fc00000|100%| E|CS|TS 15|AC  0|TAMS 0x000000070fb00000, 0x000000070fb00000|
| 252|0x000000070fc00000, 0x000000070fd00000, 0x000000070fd00000|100%| E|CS|TS 15|AC  0|TAMS 0x000000070fc00000, 0x000000070fc00000|
| 253|0x000000070fd00000, 0x000000070fe00000, 0x000000070fe00000|100%| E|CS|TS 15|AC  0|TAMS 0x000000070fd00000, 0x000000070fd00000|
| 254|0x000000070fe00000, 0x000000070ff00000, 0x000000070ff00000|100%| E|CS|TS 15|AC  0|TAMS 0x000000070fe00000, 0x000000070fe00000|
| 255|0x000000070ff00000, 0x0000000710000000, 0x0000000710000000|100%| E|CS|TS 15|AC  0|TAMS 0x000000070ff00000, 0x000000070ff00000|
| 256|0x0000000710000000, 0x0000000710100000, 0x0000000710100000|100%| E|CS|TS 15|AC  0|TAMS 0x0000000710000000, 0x0000000710000000|
| 257|0x0000000710100000, 0x0000000710200000, 0x0000000710200000|100%| E|CS|TS 15|AC  0|TAMS 0x0000000710100000, 0x0000000710100000|
| 258|0x0000000710200000, 0x0000000710300000, 0x0000000710300000|100%| E|CS|TS 15|AC  0|TAMS 0x0000000710200000, 0x0000000710200000|
| 259|0x0000000710300000, 0x0000000710400000, 0x0000000710400000|100%| E|CS|TS 15|AC  0|TAMS 0x0000000710300000, 0x0000000710300000|
| 260|0x0000000710400000, 0x0000000710500000, 0x0000000710500000|100%| E|CS|TS 15|AC  0|TAMS 0x0000000710400000, 0x0000000710400000|
| 261|0x0000000710500000, 0x0000000710598c98, 0x0000000710600000| 59%| S|CS|TS 17|AC  0|TAMS 0x0000000710500000, 0x0000000710500000|
| 262|0x0000000710600000, 0x0000000710700000, 0x0000000710700000|100%| E|CS|TS 17|AC  0|TAMS 0x0000000710600000, 0x0000000710600000|
| 263|0x0000000710700000, 0x0000000710800000, 0x0000000710800000|100%| E|CS|TS 17|AC  0|TAMS 0x0000000710700000, 0x0000000710700000|
| 264|0x0000000710800000, 0x0000000710900000, 0x0000000710900000|100%| E|CS|TS 17|AC  0|TAMS 0x0000000710800000, 0x0000000710800000|
| 265|0x0000000710900000, 0x0000000710a00000, 0x0000000710a00000|100%| E|CS|TS 17|AC  0|TAMS 0x0000000710900000, 0x0000000710900000|
| 266|0x0000000710a00000, 0x0000000710b00000, 0x0000000710b00000|100%| E|CS|TS 17|AC  0|TAMS 0x0000000710a00000, 0x0000000710a00000|
| 267|0x0000000710b00000, 0x0000000710c00000, 0x0000000710c00000|100%| E|CS|TS 17|AC  0|TAMS 0x0000000710b00000, 0x0000000710b00000|
| 268|0x0000000710c00000, 0x0000000710d00000, 0x0000000710d00000|100%| E|CS|TS 17|AC  0|TAMS 0x0000000710c00000, 0x0000000710c00000|
| 269|0x0000000710d00000, 0x0000000710e00000, 0x0000000710e00000|100%| E|CS|TS 17|AC  0|TAMS 0x0000000710d00000, 0x0000000710d00000|
| 270|0x0000000710e00000, 0x0000000710f00000, 0x0000000710f00000|100%| E|CS|TS 17|AC  0|TAMS 0x0000000710e00000, 0x0000000710e00000|
| 271|0x0000000710f00000, 0x0000000711000000, 0x0000000711000000|100%| E|CS|TS 17|AC  0|TAMS 0x0000000710f00000, 0x0000000710f00000|
| 272|0x0000000711000000, 0x0000000711100000, 0x0000000711100000|100%| E|CS|TS 17|AC  0|TAMS 0x0000000711000000, 0x0000000711000000|
| 273|0x0000000711100000, 0x0000000711200000, 0x0000000711200000|100%| E|CS|TS 17|AC  0|TAMS 0x0000000711100000, 0x0000000711100000|
| 274|0x0000000711200000, 0x0000000711300000, 0x0000000711300000|100%| E|CS|TS 17|AC  0|TAMS 0x0000000711200000, 0x0000000711200000|
| 275|0x0000000711300000, 0x0000000711400000, 0x0000000711400000|100%| E|CS|TS 17|AC  0|TAMS 0x0000000711300000, 0x0000000711300000|
| 276|0x0000000711400000, 0x0000000711500000, 0x0000000711500000|100%| E|CS|TS 17|AC  0|TAMS 0x0000000711400000, 0x0000000711400000|
| 277|0x0000000711500000, 0x0000000711600000, 0x0000000711600000|100%| E|CS|TS 17|AC  0|TAMS 0x0000000711500000, 0x0000000711500000|
| 278|0x0000000711600000, 0x0000000711700000, 0x0000000711700000|100%| E|CS|TS 17|AC  0|TAMS 0x0000000711600000, 0x0000000711600000|
| 279|0x0000000711700000, 0x0000000711800000, 0x0000000711800000|100%| E|CS|TS 17|AC  0|TAMS 0x0000000711700000, 0x0000000711700000|
| 280|0x0000000711800000, 0x0000000711900000, 0x0000000711900000|100%| E|CS|TS 17|AC  0|TAMS 0x0000000711800000, 0x0000000711800000|

Card table byte_map: [0x00000210fa860000,0x00000210fae60000] byte_map_base: 0x00000210f7060000

Marking Bits (Prev, Next): (CMBitMap*) 0x00000210df0ada78, (CMBitMap*) 0x00000210df0ada40
 Prev Bits: [0x0000021080000000, 0x0000021083000000)
 Next Bits: [0x00000210fb460000, 0x00000210fe460000)

Polling page: 0x00000210d86a0000

CodeHeap 'non-profiled nmethods': size=120000Kb used=28966Kb max_used=28966Kb free=91033Kb
 bounds [0x00000210f2730000, 0x00000210f4380000, 0x00000210f9c60000]
CodeHeap 'profiled nmethods': size=120000Kb used=44517Kb max_used=49146Kb free=75482Kb
 bounds [0x00000210eb200000, 0x00000210ee250000, 0x00000210f2730000]
CodeHeap 'non-nmethods': size=5760Kb used=1798Kb max_used=1865Kb free=3961Kb
 bounds [0x00000210eac60000, 0x00000210eaed0000, 0x00000210eb200000]
 total_blobs=41975 nmethods=20593 adapters=1127
 compilation: enabled

Compilation events (10 events):
Event: 10896.489 Thread 0x00000210e27d5000 28094       4       javax.swing.plaf.basic.BasicListUI::convertLocationToRow (186 bytes)
Event: 10896.498 Thread 0x00000210e27d5000 nmethod 28094 0x00000210f437f810 code [0x00000210f437f9c0, 0x00000210f437fc38]
Event: 10898.226 Thread 0x00000210e3eda000 28095       3       javax.swing.JList::getMinSelectionIndex (10 bytes)
Event: 10898.227 Thread 0x00000210e3eda000 nmethod 28095 0x00000210eb55cd10 code [0x00000210eb55cec0, 0x00000210eb55d170]
Event: 10898.651 Thread 0x00000210e3eda000 28096       3       javax.swing.JList::getSelectedIndex (5 bytes)
Event: 10898.652 Thread 0x00000210e3eda000 nmethod 28096 0x00000210eb909e90 code [0x00000210eb90a060, 0x00000210eb90a3f0]
Event: 10899.084 Thread 0x00000210e3eda000 28097       3       javax.swing.plaf.basic.BasicComboPopup::updateListBoxSelectionForEvent (93 bytes)
Event: 10899.086 Thread 0x00000210e3eda000 nmethod 28097 0x00000210ebcaf810 code [0x00000210ebcafaa0, 0x00000210ebcb0d60]
Event: 10899.970 Thread 0x00000210e3eda000 28098       3       javax.swing.plaf.basic.BasicListUI$Handler::valueChanged (109 bytes)
Event: 10899.971 Thread 0x00000210e3eda000 nmethod 28098 0x00000210ebba7410 code [0x00000210ebba7680, 0x00000210ebba8140]

GC Heap History (10 events):
Event: 10871.047 GC heap before
{Heap before GC invocations=1869 (full 981):
 garbage-first heap   total 287744K, used 157714K [0x0000000700000000, 0x00000007001008c8, 0x00000007c0000000)
  region size 1024K, 60 young (61440K), 1 survivors (1024K)
 Metaspace       used 85623K, capacity 87351K, committed 94924K, reserved 1132544K
  class space    used 10865K, capacity 11252K, committed 12800K, reserved 1048576K
}
Event: 10871.052 GC heap after
{Heap after GC invocations=1870 (full 981):
 garbage-first heap   total 287744K, used 97423K [0x0000000700000000, 0x00000007001008c8, 0x00000007c0000000)
  region size 1024K, 1 young (1024K), 1 survivors (1024K)
 Metaspace       used 85623K, capacity 87351K, committed 94924K, reserved 1132544K
  class space    used 10865K, capacity 11252K, committed 12800K, reserved 1048576K
}
Event: 10876.045 GC heap before
{Heap before GC invocations=1870 (full 981):
 garbage-first heap   total 287744K, used 161935K [0x0000000700000000, 0x00000007001008c8, 0x00000007c0000000)
  region size 1024K, 60 young (61440K), 1 survivors (1024K)
 Metaspace       used 85623K, capacity 87351K, committed 94924K, reserved 1132544K
  class space    used 10865K, capacity 11252K, committed 12800K, reserved 1048576K
}
Event: 10876.049 GC heap after
{Heap after GC invocations=1871 (full 981):
 garbage-first heap   total 287744K, used 101620K [0x0000000700000000, 0x00000007001008c8, 0x00000007c0000000)
  region size 1024K, 1 young (1024K), 1 survivors (1024K)
 Metaspace       used 85623K, capacity 87351K, committed 94924K, reserved 1132544K
  class space    used 10865K, capacity 11252K, committed 12800K, reserved 1048576K
}
Event: 10877.804 GC heap before
{Heap before GC invocations=1871 (full 981):
 garbage-first heap   total 287744K, used 162036K [0x0000000700000000, 0x00000007001008c8, 0x00000007c0000000)
  region size 1024K, 60 young (61440K), 1 survivors (1024K)
 Metaspace       used 85623K, capacity 87351K, committed 94924K, reserved 1132544K
  class space    used 10865K, capacity 11252K, committed 12800K, reserved 1048576K
}
Event: 10877.806 GC heap after
{Heap after GC invocations=1872 (full 981):
 garbage-first heap   total 287744K, used 101618K [0x0000000700000000, 0x00000007001008c8, 0x00000007c0000000)
  region size 1024K, 1 young (1024K), 1 survivors (1024K)
 Metaspace       used 85623K, capacity 87351K, committed 94924K, reserved 1132544K
  class space    used 10865K, capacity 11252K, committed 12800K, reserved 1048576K
}
Event: 10883.784 GC heap before
{Heap before GC invocations=1872 (full 981):
 garbage-first heap   total 287744K, used 162034K [0x0000000700000000, 0x00000007001008c8, 0x00000007c0000000)
  region size 1024K, 60 young (61440K), 1 survivors (1024K)
 Metaspace       used 85623K, capacity 87351K, committed 94924K, reserved 1132544K
  class space    used 10865K, capacity 11252K, committed 12800K, reserved 1048576K
}
Event: 10883.790 GC heap after
{Heap after GC invocations=1873 (full 981):
 garbage-first heap   total 287744K, used 101705K [0x0000000700000000, 0x00000007001008c8, 0x00000007c0000000)
  region size 1024K, 1 young (1024K), 1 survivors (1024K)
 Metaspace       used 85623K, capacity 87351K, committed 94924K, reserved 1132544K
  class space    used 10865K, capacity 11252K, committed 12800K, reserved 1048576K
}
Event: 10885.668 GC heap before
{Heap before GC invocations=1873 (full 981):
 garbage-first heap   total 287744K, used 131401K [0x0000000700000000, 0x00000007001008c8, 0x00000007c0000000)
  region size 1024K, 20 young (20480K), 1 survivors (1024K)
 Metaspace       used 85624K, capacity 87351K, committed 94924K, reserved 1132544K
  class space    used 10865K, capacity 11252K, committed 12800K, reserved 1048576K
}
Event: 10885.671 GC heap after
{Heap after GC invocations=1874 (full 981):
 garbage-first heap   total 287744K, used 113039K [0x0000000700000000, 0x00000007001008c8, 0x00000007c0000000)
  region size 1024K, 1 young (1024K), 1 survivors (1024K)
 Metaspace       used 85624K, capacity 87351K, committed 94924K, reserved 1132544K
  class space    used 10865K, capacity 11252K, committed 12800K, reserved 1048576K
}

Deoptimization events (10 events):
Event: 10271.155 Thread 0x0000021085be1000 Uncommon trap: reason=unstable_if action=reinterpret pc=0x00000210f2b52d18 method=java.util.jar.Attributes.read(Ljava/util/jar/Manifest$FastInputStream;[B)V @ 17 c2
Event: 10885.535 Thread 0x0000021085be1000 Uncommon trap: reason=bimorphic_or_optimized_type_check action=maybe_recompile pc=0x00000210f3ba00e0 method=com.jidesoft.swing.JideSwingUtilities.getButtonState(Ljavax/swing/AbstractButton;)I @ 37 c2
Event: 10885.535 Thread 0x0000021085be1000 Uncommon trap: reason=bimorphic_or_optimized_type_check action=maybe_recompile pc=0x00000210f3ba52cc method=com.jidesoft.plaf.basic.BasicJideButtonUI.getIcon(Ljavax/swing/AbstractButton;)Ljavax/swing/Icon; @ 91 c2
Event: 10886.511 Thread 0x0000021085be1000 Uncommon trap: reason=unstable_if action=reinterpret pc=0x00000210f411539c method=javax.swing.plaf.synth.SynthComboBoxUI$ButtonHandler.isPressed()Z @ 23 c2
Event: 10886.521 Thread 0x0000021085be1000 Uncommon trap: reason=bimorphic_or_optimized_type_check action=maybe_recompile pc=0x00000210f35d1c30 method=java.awt.Component.updateCursorImmediately()V @ 30 c2
Event: 10888.316 Thread 0x0000021085be1000 Uncommon trap: reason=bimorphic_or_optimized_type_check action=maybe_recompile pc=0x00000210f3105dc8 method=java.awt.Component.updateCursorImmediately()V @ 30 c2
Event: 10888.320 Thread 0x0000021085be1000 Uncommon trap: reason=unstable_if action=reinterpret pc=0x00000210f31adf3c method=ui.views.waveform.executive.protobuf.WVPrefs$WVColorPrefs.isInitialized()Z @ 7 c2
Event: 10891.667 Thread 0x0000021085be1000 Uncommon trap: reason=unstable_if action=reinterpret pc=0x00000210f361d7e8 method=javax.swing.DefaultButtonModel.setRollover(Z)V @ 12 c2
Event: 10895.822 Thread 0x0000021085be1000 Uncommon trap: reason=bimorphic_or_optimized_type_check action=maybe_recompile pc=0x00000210f3105dc8 method=java.awt.Component.updateCursorImmediately()V @ 30 c2
Event: 10900.848 Thread 0x0000021085be1000 Uncommon trap: reason=bimorphic_or_optimized_type_check action=maybe_recompile pc=0x00000210f3105dc8 method=java.awt.Component.updateCursorImmediately()V @ 30 c2

Classes redefined (0 events):
No events

Internal exceptions (10 events):
Event: 7236.871 Thread 0x0000021089182000 Exception <a 'java/lang/InterruptedException'{0x000000070e639078}: sleep interrupted> (0x000000070e639078) thrown at [t:/workspace/hotspot/src/share/vm/prims/jvm.cpp, line 2984]
Event: 7595.558 Thread 0x0000021089182000 Exception <a 'ui/frmwork/CommandFailedException'{0x000000070c317da8}> (0x000000070c317da8) thrown at [t:/workspace/hotspot/src/share/vm/prims/jni.cpp, line 604]
Event: 7645.057 Thread 0x0000021089186800 Exception <a 'java/lang/InterruptedException'{0x000000070e986ef0}: sleep interrupted> (0x000000070e986ef0) thrown at [t:/workspace/hotspot/src/share/vm/prims/jvm.cpp, line 2984]
Event: 7655.135 Thread 0x0000021089186800 Exception <a 'java/lang/InterruptedException'{0x000000070e51c9b0}: sleep interrupted> (0x000000070e51c9b0) thrown at [t:/workspace/hotspot/src/share/vm/prims/jvm.cpp, line 2984]
Event: 7852.313 Thread 0x0000021089184800 Exception <a 'java/lang/InterruptedException'{0x000000070d1416a0}: sleep interrupted> (0x000000070d1416a0) thrown at [t:/workspace/hotspot/src/share/vm/prims/jvm.cpp, line 2984]
Event: 8400.007 Thread 0x0000021089182000 Exception <a 'java/lang/InterruptedException'{0x000000070e69a8f8}: sleep interrupted> (0x000000070e69a8f8) thrown at [t:/workspace/hotspot/src/share/vm/prims/jvm.cpp, line 2984]
Event: 8851.160 Thread 0x0000021089182000 Exception <a 'java/lang/InterruptedException'{0x000000070e984210}: sleep interrupted> (0x000000070e984210) thrown at [t:/workspace/hotspot/src/share/vm/prims/jvm.cpp, line 2984]
Event: 9162.067 Thread 0x0000021089186800 Exception <a 'java/lang/InterruptedException'{0x000000070e9850d0}: sleep interrupted> (0x000000070e9850d0) thrown at [t:/workspace/hotspot/src/share/vm/prims/jvm.cpp, line 2984]
Event: 9239.671 Thread 0x0000021085be1000 Implicit null exception at 0x00000210f3656ee4 to 0x00000210f365b065
Event: 10888.299 Thread 0x0000021085be1000 Exception <a 'java/lang/NoSuchMethodError'{0x000000070fab4d38}: java.lang.invoke.DelegatingMethodHandle$Holder.reinvoke_L(Ljava/lang/Object;IILjava/lang/Object;Ljava/lang/Object;I)Ljava/lang/Object;> (0x000000070fab4d38) thrown at [t:/workspace/hotspot/sr

Events (10 events):
Event: 10896.979 Thread 0x0000021089182000 Thread exited: 0x0000021089182000
Event: 10897.971 Thread 0x0000021089186800 Thread added: 0x0000021089186800
Event: 10897.981 Thread 0x0000021089186800 Thread exited: 0x0000021089186800
Event: 10898.972 Thread 0x0000021089182000 Thread added: 0x0000021089182000
Event: 10898.983 Thread 0x0000021089182000 Thread exited: 0x0000021089182000
Event: 10899.973 Thread 0x0000021089186800 Thread added: 0x0000021089186800
Event: 10899.985 Thread 0x0000021089186800 Thread exited: 0x0000021089186800
Event: 10900.848 Thread 0x0000021085be1000 Uncommon trap: trap_request=0xffffffc6 fr.pc=0x00000210f3105dc8 relative=0x00000000000009e8
Event: 10900.848 Thread 0x0000021085be1000 DEOPT PACKING pc=0x00000210f3105dc8 sp=0x000000d9ba8fb350
Event: 10900.848 Thread 0x0000021085be1000 DEOPT UNPACKING pc=0x00000210eacadf29 sp=0x000000d9ba8fb298 mode 2


Dynamic libraries:
0x00007ff6028b0000 - 0x00007ff6028e0000 	C:\Xilinx\Vivado\2019.1\bin\unwrapped\win64.o\vivado.exe
0x00007ffcb6520000 - 0x00007ffcb6710000 	C:\Windows\SYSTEM32\ntdll.dll
0x00007ffcb6240000 - 0x00007ffcb62f2000 	C:\Windows\System32\KERNEL32.DLL
0x00007ffcb41f0000 - 0x00007ffcb4495000 	C:\Windows\System32\KERNELBASE.dll
0x00007ffcae040000 - 0x00007ffcae0cf000 	C:\Windows\SYSTEM32\apphelp.dll
0x00007ffcb34a0000 - 0x00007ffcb359a000 	C:\Windows\System32\ucrtbase.dll
0x00007ffc86160000 - 0x00007ffc861f9000 	C:\Windows\SYSTEM32\MSVCP140.dll
0x00007ffc86240000 - 0x00007ffc86257000 	C:\Windows\SYSTEM32\VCRUNTIME140.dll
0x00007ffc77b50000 - 0x00007ffc77b64000 	C:\Xilinx\Vivado\2019.1\lib\win64.o\libboost_signals.dll
0x00007ffc77b30000 - 0x00007ffc77b44000 	C:\Xilinx\Vivado\2019.1\lib\win64.o\librdi_commonmain.dll
0x00007ffc9bb00000 - 0x00007ffc9bb0a000 	C:\Xilinx\Vivado\2019.1\lib\win64.o\librdi_commonversion.dll
0x00007ffc4c020000 - 0x00007ffc4cf02000 	C:\Xilinx\Vivado\2019.1\lib\win64.o\librdi_common.dll
0x00007ffc77a90000 - 0x00007ffc77ab6000 	C:\Xilinx\Vivado\2019.1\lib\win64.o\libboost_filesystem.dll
0x00007ffcb4c20000 - 0x00007ffcb4cc3000 	C:\Windows\System32\ADVAPI32.dll
0x00007ffcb5ff0000 - 0x00007ffcb608e000 	C:\Windows\System32\msvcrt.dll
0x00007ffcb6370000 - 0x00007ffcb6407000 	C:\Windows\System32\sechost.dll
0x00007ffcb4cd0000 - 0x00007ffcb4df0000 	C:\Windows\System32\RPCRT4.dll
0x00007ffc72970000 - 0x00007ffc72a91000 	C:\Xilinx\Vivado\2019.1\lib\win64.o\librdi_commonxillic.dll
0x00007ffcb60a0000 - 0x00007ffcb6234000 	C:\Windows\System32\USER32.dll
0x00007ffcb35a0000 - 0x00007ffcb35c1000 	C:\Windows\System32\win32u.dll
0x00007ffcb4b90000 - 0x00007ffcb4bb6000 	C:\Windows\System32\GDI32.dll
0x00007ffcb38c0000 - 0x00007ffcb3a56000 	C:\Windows\System32\gdi32full.dll
0x00007ffcb35d0000 - 0x00007ffcb366e000 	C:\Windows\System32\msvcp_win.dll
0x000000006e230000 - 0x000000006e35b000 	C:\Xilinx\Vivado\2019.1\lib\win64.o\tcl85t.dll
0x00007ffcb57a0000 - 0x00007ffcb5e87000 	C:\Windows\System32\SHELL32.dll
0x00007ffcb3870000 - 0x00007ffcb38ba000 	C:\Windows\System32\cfgmgr32.dll
0x00007ffcb45d0000 - 0x00007ffcb4679000 	C:\Windows\System32\shcore.dll
0x00007ffcb4680000 - 0x00007ffcb49b5000 	C:\Windows\System32\combase.dll
0x00007ffcb44f0000 - 0x00007ffcb4570000 	C:\Windows\System32\bcryptPrimitives.dll
0x00007ffcb3a60000 - 0x00007ffcb41e1000 	C:\Windows\System32\windows.storage.dll
0x00007ffcb6470000 - 0x00007ffcb64df000 	C:\Windows\System32\WS2_32.dll
0x00007ffc9b7c0000 - 0x00007ffc9b7cb000 	C:\Xilinx\Vivado\2019.1\lib\win64.o\libboost_system.dll
0x00007ffcb3470000 - 0x00007ffcb3493000 	C:\Windows\System32\profapi.dll
0x00007ffcb33e0000 - 0x00007ffcb342a000 	C:\Windows\System32\powrprof.dll
0x00007ffcb33d0000 - 0x00007ffcb33e0000 	C:\Windows\System32\UMPDC.dll
0x00007ffcb5740000 - 0x00007ffcb5792000 	C:\Windows\System32\shlwapi.dll
0x00007ffcb3430000 - 0x00007ffcb3441000 	C:\Windows\System32\kernel.appcore.dll
0x00007ffcb44d0000 - 0x00007ffcb44e7000 	C:\Windows\System32\cryptsp.dll
0x00007ffc77a70000 - 0x00007ffc77a84000 	C:\Xilinx\Vivado\2019.1\lib\win64.o\libboost_date_time.dll
0x00007ffc46b10000 - 0x00007ffc46e7e000 	C:\Xilinx\Vivado\2019.1\lib\win64.o\libCOIN-all.dll
0x00007ffc73ab0000 - 0x00007ffc73b2f000 	C:\Xilinx\Vivado\2019.1\lib\win64.o\libboost_program_options.dll
0x00007ffc725b0000 - 0x00007ffc726c4000 	C:\Xilinx\Vivado\2019.1\lib\win64.o\libboost_regex.dll
0x00007ffc73a80000 - 0x00007ffc73aa1000 	C:\Xilinx\Vivado\2019.1\lib\win64.o\libboost_thread.dll
0x00007ffc9ad20000 - 0x00007ffc9ad2f000 	C:\Xilinx\Vivado\2019.1\lib\win64.o\libboost_xilinx.dll
0x00007ffc728e0000 - 0x00007ffc72962000 	C:\Xilinx\Vivado\2019.1\lib\win64.o\libhdlpsolve.dll
0x00007ffc72500000 - 0x00007ffc725a5000 	C:\Xilinx\Vivado\2019.1\lib\win64.o\libhdxml.dll
0x00007ffc6f040000 - 0x00007ffc6f06e000 	C:\Xilinx\Vivado\2019.1\lib\win64.o\libisl_sysinfo.dll
0x00007ffc35dd0000 - 0x00007ffc3697f400 	C:\Xilinx\Vivado\2019.1\lib\win64.o\libisl_iostreams.dll
0x00007ffc6e120000 - 0x00007ffc6e185000 	C:\Xilinx\Vivado\2019.1\lib\win64.o\liblmx6.0.dll
0x00007ffc73a60000 - 0x00007ffc73a7a000 	C:\Xilinx\Vivado\2019.1\lib\win64.o\pthreadVC2.dll
0x00007ffc728c0000 - 0x00007ffc728dc000 	C:\Xilinx\Vivado\2019.1\lib\win64.o\librdiconfig.dll
0x00007ffc6f010000 - 0x00007ffc6f031000 	C:\Xilinx\Vivado\2019.1\lib\win64.o\librdizlib.dll
0x0000000012000000 - 0x0000000012270000 	C:\Xilinx\Vivado\2019.1\lib\win64.o\xerces-c_3_1.dll
0x00007ffc91f10000 - 0x00007ffc91f27000 	C:\Windows\SYSTEM32\NETAPI32.dll
0x00007ffc91730000 - 0x00007ffc91c05000 	C:\Windows\SYSTEM32\WININET.dll
0x00007ffc9f5b0000 - 0x00007ffc9f786000 	C:\Windows\SYSTEM32\urlmon.dll
0x00007ffcab460000 - 0x00007ffcab550000 	C:\Windows\SYSTEM32\WINHTTP.dll
0x00007ffc46830000 - 0x00007ffc46b08000 	C:\Xilinx\Vivado\2019.1\lib\win64.o\libXil_lmgr11.dll
0x00007ffcb49c0000 - 0x00007ffcb4a90000 	C:\Windows\System32\COMDLG32.dll
0x00007ffcb53e0000 - 0x00007ffcb54a5000 	C:\Windows\System32\OLEAUT32.dll
0x00007ffcb5e90000 - 0x00007ffcb5fe7000 	C:\Windows\System32\ole32.dll
0x00007ffcb4570000 - 0x00007ffcb45cc000 	C:\Windows\System32\WINTRUST.dll
0x00007ffcb3450000 - 0x00007ffcb3462000 	C:\Windows\System32\MSASN1.dll
0x00007ffcb3720000 - 0x00007ffcb3869000 	C:\Windows\System32\CRYPT32.dll
0x00007ffc9ac20000 - 0x00007ffc9ac29000 	C:\Windows\SYSTEM32\WSOCK32.dll
0x00007ffc6e660000 - 0x00007ffc6e689000 	C:\Windows\SYSTEM32\VCOMP140.DLL
0x00007ffc9a430000 - 0x00007ffc9a43d000 	C:\Xilinx\Vivado\2019.1\lib\win64.o\libboost_chrono.dll
0x00007ffc6eff0000 - 0x00007ffc6f00b000 	C:\Xilinx\Vivado\2019.1\lib\win64.o\libboost_iostreams.dll
0x00007ffc9fc10000 - 0x00007ffc9feb7000 	C:\Windows\SYSTEM32\iertutil.dll
0x00007ffc6d130000 - 0x00007ffc6d155000 	C:\Xilinx\Vivado\2019.1\lib\win64.o\libisl_iosutils.dll
0x00007ffc9c440000 - 0x00007ffc9c4e9000 	C:\Windows\WinSxS\amd64_microsoft.windows.common-controls_6595b64144ccf1df_5.82.18362.1198_none_73b37520d815d61e\COMCTL32.dll
0x00007ffca94c0000 - 0x00007ffca94dc000 	C:\Windows\SYSTEM32\dhcpcsvc.DLL
0x00007ffcb6090000 - 0x00007ffcb6098000 	C:\Windows\System32\NSI.dll
0x00007ffcb2df0000 - 0x00007ffcb2dfc000 	C:\Windows\SYSTEM32\CRYPTBASE.DLL
0x00007ffc34f30000 - 0x00007ffc35dc1000 	C:\Xilinx\Vivado\2019.1\lib\win64.o\gurobi65.dll
0x00007ffcb2a40000 - 0x00007ffcb2a4c000 	C:\Windows\SYSTEM32\NETUTILS.DLL
0x00007ffcb5710000 - 0x00007ffcb573e000 	C:\Windows\System32\IMM32.DLL
0x00007ffc34310000 - 0x00007ffc34827000 	C:\Xilinx\Vivado\2019.1\lib\win64.o\librdi_commontasks.dll
0x00007ffca89f0000 - 0x00007ffca89fa000 	C:\Windows\SYSTEM32\VERSION.dll
0x00007ffc34080000 - 0x00007ffc34306000 	C:\Xilinx\Vivado\2019.1\lib\win64.o\librdi_sio.dll
0x00007ffcb2930000 - 0x00007ffcb296a000 	C:\Windows\SYSTEM32\IPHLPAPI.DLL
0x000000006d800000 - 0x000000006e225000 	C:\Xilinx\Vivado\2019.1\tps\win64\jre9.0.4\bin\server\jvm.dll
0x00007ffcb5290000 - 0x00007ffcb5298000 	C:\Windows\System32\PSAPI.DLL
0x00007ffcaab10000 - 0x00007ffcaab34000 	C:\Windows\SYSTEM32\WINMM.dll
0x00007ffcaaae0000 - 0x00007ffcaab0d000 	C:\Windows\SYSTEM32\WINMMBASE.dll
0x00007ffc621c0000 - 0x00007ffc622af000 	C:\Windows\SYSTEM32\MSVCR120.dll
0x00007ffcb2c20000 - 0x00007ffcb2c87000 	C:\Windows\SYSTEM32\MSWSOCK.DLL
0x00007ffc31bc0000 - 0x00007ffc3407c000 	C:\Xilinx\Vivado\2019.1\lib\win64.o\librdi_tcltasks.dll
0x00007ffc317b0000 - 0x00007ffc31bb8000 	C:\Xilinx\Vivado\2019.1\lib\win64.o\librdi_bitstream.dll
0x00007ffc66650000 - 0x00007ffc666c8000 	C:\Xilinx\Vivado\2019.1\lib\win64.o\librdi_boarddep.dll
0x00007ffc59f70000 - 0x00007ffc5a101000 	C:\Xilinx\Vivado\2019.1\lib\win64.o\librdi_board.dll
0x00007ffc5a680000 - 0x00007ffc5a76b000 	C:\Xilinx\Vivado\2019.1\lib\win64.o\librdi_chipscope.dll
0x00007ffc59920000 - 0x00007ffc59add000 	C:\Xilinx\Vivado\2019.1\lib\win64.o\librdi_chipscopeimpl.dll
0x00007ffc4bec0000 - 0x00007ffc4c016000 	C:\Xilinx\Vivado\2019.1\lib\win64.o\librdi_containers.dll
0x00007ffc310d0000 - 0x00007ffc317aa000 	C:\Xilinx\Vivado\2019.1\lib\win64.o\librdi_coregenipxact.dll
0x00007ffc2f6e0000 - 0x00007ffc310ca000 	C:\Xilinx\Vivado\2019.1\lib\win64.o\librdi_constraints.dll
0x00007ffc2d820000 - 0x00007ffc2f6d1000 	C:\Xilinx\Vivado\2019.1\lib\win64.o\librdi_coregen.dll
0x00007ffc25ac0000 - 0x00007ffc29b03000 	C:\Xilinx\Vivado\2019.1\lib\win64.o\librdi_designutils.dll
0x00007ffc2d500000 - 0x00007ffc2d81e000 	C:\Xilinx\Vivado\2019.1\lib\win64.o\librdi_dlyest.dll
0x00007ffc2cf60000 - 0x00007ffc2d4fa000 	C:\Xilinx\Vivado\2019.1\lib\win64.o\librdi_drc.dll
0x00007ffc595b0000 - 0x00007ffc59674000 	C:\Xilinx\Vivado\2019.1\lib\win64.o\librdi_dsp.dll
0x00007ffc13690000 - 0x00007ffc25abc000 	C:\Xilinx\Vivado\2019.1\lib\win64.o\librdi_device.dll
0x00007ffc2c910000 - 0x00007ffc2cf5d000 	C:\Xilinx\Vivado\2019.1\lib\win64.o\librdi_filemgmt.dll
0x00007ffc2c620000 - 0x00007ffc2c903000 	C:\Xilinx\Vivado\2019.1\lib\win64.o\librdi_guitools.dll
0x00007ffc5a610000 - 0x00007ffc5a675000 	C:\Xilinx\Vivado\2019.1\lib\win64.o\librdi_hdf.dll
0x00007ffc120d0000 - 0x00007ffc13690000 	C:\Xilinx\Vivado\2019.1\lib\win64.o\librdi_implflow.dll
0x00007ffc59ef0000 - 0x00007ffc59f63000 	C:\Xilinx\Vivado\2019.1\lib\win64.o\librdi_memoryarray.dll
0x00007ffc2c000000 - 0x00007ffc2c615000 	C:\Xilinx\Vivado\2019.1\lib\win64.o\librdi_memdata.dll
0x00007ffc0f3e0000 - 0x00007ffc120c6000 	C:\Xilinx\Vivado\2019.1\lib\win64.o\librdi_mig.dll
0x00007ffc598d0000 - 0x00007ffc5991b000 	C:\Xilinx\Vivado\2019.1\lib\win64.o\librdi_pfi.dll
0x00007ffc0ed30000 - 0x00007ffc0f3d2000 	C:\Xilinx\Vivado\2019.1\lib\win64.o\librdi_netlist.dll
0x00007ffc2bcf0000 - 0x00007ffc2bfff000 	C:\Xilinx\Vivado\2019.1\lib\win64.o\librdi_platform.dll
0x00007ffc0c6b0000 - 0x00007ffc0ed26000 	C:\Xilinx\Vivado\2019.1\lib\win64.o\librdi_place.dll
0x00007ffc0bf60000 - 0x00007ffc0c6aa000 	C:\Xilinx\Vivado\2019.1\lib\win64.o\librdi_power.dll
0x00007ffc0b9e0000 - 0x00007ffc0bf5f000 	C:\Xilinx\Vivado\2019.1\lib\win64.o\librdi_project.dll
0x00007ffc0b2d0000 - 0x00007ffc0b9d9000 	C:\Xilinx\Vivado\2019.1\lib\win64.o\librdi_psta.dll
0x00007ffc0aed0000 - 0x00007ffc0b2c1000 	C:\Xilinx\Vivado\2019.1\lib\win64.o\librdi_runs.dll
0x00007ffc0a7c0000 - 0x00007ffc0aec6000 	C:\Xilinx\Vivado\2019.1\lib\win64.o\librdi_rsb.dll
0x00007ffc4bdc0000 - 0x00007ffc4beba000 	C:\Xilinx\Vivado\2019.1\lib\win64.o\librdi_runsbase.dll
0x00007ffc39860000 - 0x00007ffc39ab6000 	C:\Xilinx\Vivado\2019.1\lib\win64.o\librdi_simdata.dll
0x00007ffc0a640000 - 0x00007ffc0a7b2000 	C:\Xilinx\Vivado\2019.1\lib\win64.o\librdi_advchipscopeimpl.dll
0x00007ffc47220000 - 0x00007ffc4726c000 	C:\Xilinx\Vivado\2019.1\lib\win64.o\libboost_serialization.dll
0x00007ffc09820000 - 0x00007ffc0a631000 	C:\Xilinx\Vivado\2019.1\lib\win64.o\librdi_timing.dll
0x00007ffc09680000 - 0x00007ffc0981f000 	C:\Xilinx\Vivado\2019.1\lib\win64.o\librdi_hip_devdesign.dll
0x00007ffc2bc20000 - 0x00007ffc2bce2000 	C:\Xilinx\Vivado\2019.1\lib\win64.o\librdi_ipconfig_readwrite.dll
0x00007ffc471d0000 - 0x00007ffc47213000 	C:\Xilinx\Vivado\2019.1\lib\win64.o\librdi_noc_frameworks.dll
0x00007ffc08740000 - 0x00007ffc08b25000 	C:\Xilinx\Vivado\2019.1\lib\win64.o\librdi_hip_config.dll
0x00007ffc08b30000 - 0x00007ffc09677000 	C:\Xilinx\Vivado\2019.1\lib\win64.o\libverific.dll

VM Arguments:
jvm_args: -Dsun.java2d.pmoffscreen=false -Dsun.java2d.xrender=false -Dsun.java2d.d3d=false -Dsun.awt.nopixfmt=true -Dsun.java2d.dpiaware=true -Dsun.java2d.uiScale.enabled=false -Xverify:none -Dswing.aatext=true -XX:-UsePerfData -Djdk.map.althashing.threshold=512 -XX:StringTableSize=4072 --add-opens=java.base/java.nio=ALL-UNNAMED --add-opens=java.desktop/sun.swing=ALL-UNNAMED --add-opens=java.desktop/javax.swing=ALL-UNNAMED --add-opens=java.desktop/javax.swing.tree=ALL-UNNAMED --add-opens=java.desktop/javax.swing.plaf.basic=ALL-UNNAMED --add-opens=java.desktop/javax.swing.plaf.synth=ALL-UNNAMED --add-opens=java.desktop/com.sun.awt=ALL-UNNAMED -XX:NewSize=60m -XX:MaxNewSize=60m -Xms128m -Xmx3072m -Xss5m 
java_command: <unknown>
java_class_path (initial): C:/Xilinx/Vivado/2019.1\lib\classes\alloy.jar;C:/Xilinx/Vivado/2019.1\lib\classes\autopilot.scelaborator.jar;C:/Xilinx/Vivado/2019.1\lib\classes\autopilot.sourceprocessor.jar;C:/Xilinx/Vivado/2019.1\lib\classes\autopilot.tbprocessor.jar;C:/Xilinx/Vivado/2019.1\lib\classes\batik-anim.jar;C:/Xilinx/Vivado/2019.1\lib\classes\batik-awt-util.jar;C:/Xilinx/Vivado/2019.1\lib\classes\batik-bridge.jar;C:/Xilinx/Vivado/2019.1\lib\classes\batik-codec.jar;C:/Xilinx/Vivado/2019.1\lib\classes\batik-css.jar;C:/Xilinx/Vivado/2019.1\lib\classes\batik-dom.jar;C:/Xilinx/Vivado/2019.1\lib\classes\batik-ext.jar;C:/Xilinx/Vivado/2019.1\lib\classes\batik-gui-util.jar;C:/Xilinx/Vivado/2019.1\lib\classes\batik-gvt.jar;C:/Xilinx/Vivado/2019.1\lib\classes\batik-parser.jar;C:/Xilinx/Vivado/2019.1\lib\classes\batik-script.jar;C:/Xilinx/Vivado/2019.1\lib\classes\batik-svg-dom.jar;C:/Xilinx/Vivado/2019.1\lib\classes\batik-swing.jar;C:/Xilinx/Vivado/2019.1\lib\classes\batik-transcoder.jar;C:/Xilinx/Vivado/2019.1\lib\classes\batik-util.jar;C:/Xilinx/Vivado/2019.1\lib\classes\batik-xml.jar;C:/Xilinx/Vivado/2019.1\lib\classes\com.google.gson_2.7.0.v20170129-0911.jar;C:/Xilinx/Vivado/2019.1\lib\classes\com.google.guava_21.0.0.v20170206-1425.jar;C:/Xilinx/Vivado/2019.1\lib\classes\com.google.inject_3.0.0.v201605172100.jar;C:/Xilinx/Vivado/2019.1\lib\classes\com.ibm.icu_4.4.2.v20110208.jar;C:/Xilinx/Vivado/2019.1\lib\classes\com.sigasi.hdt.annotations.runtime_4.3.0.201903071210.jar;C:/Xilinx/Vivado/2019.1\lib\classes\com.sigasi.hdt.blockdiagram.model_4.3.0.201903071210.jar;C:/Xilinx/Vivado/2019.1\lib\classes\com.sigasi.hdt.connection_4.3.0.201903071210.jar;C:/Xilinx/Vivado/2019.1\lib\classes\com.sigasi.hdt.dependencies.model_4.3.0.201903071210.jar;C:/Xilinx/Vivado/2019.1\lib\classes\com.sigasi.hdt.epl_4.3.0.201903071210.jar;C:/Xilinx/Vivado/2019.1\lib\classes\com.sigasi.hdt.graphics.model_4.3.0.201903071210.jar;C:/Xilinx/Vivado/2019.1\lib\classes\com.sigasi.hdt.project_4.3.0
Launcher Type: generic

Logging:
Log output configuration:
#0: stdout all=warning uptime,level,tags
#1: stderr all=off uptime,level,tags

Environment Variables:
PATH=C:/Xilinx/Vivado/2019.1/bin;C:/Xilinx/Vivado/2019.1/lib/win64.o;C:/Xilinx/Vivado/2019.1/tps/win64/jre9.0.4/bin/server;C:/Xilinx/Vivado/2019.1/tps/win64/jre9.0.4/bin;C:/Xilinx/SDK/2019.1/bin;C:/Xilinx/Vivado/2019.1/ids_lite/ISE/bin/nt64;C:/Xilinx/Vivado/2019.1/ids_lite/ISE/lib/nt64;C:\Program Files (x86)\Common Files\Oracle\Java\javapath;C:\Windows\system32;C:\Windows;C:\Windows\System32\Wbem;C:\Windows\System32\WindowsPowerShell\v1.0\;C:\Windows\System32\OpenSSH\;C:\Program Files (x86)\NVIDIA Corporation\PhysX\Common;C:\Program Files\NVIDIA Corporation\NVIDIA NvDLISR;C:\Program Files\MATLAB\R2019b\bin;C:\Program Files\Git\cmd;C:\Program Files\nodejs\;C:\Program Files\PuTTY\;C:\Programfiler\Aldec\Active-HDL-Student-Edition\bin;C:\Users\Simen\AppData\Local\Microsoft\WindowsApps;;C:\Users\Simen\AppData\Local\Programs\Microsoft VS Code\bin;C:\Users\Simen\AppData\Roaming\npm;C:\Program Files\JetBrains\PyCharm 2020.2.1\bin;C:/Xilinx/Vivado/2019.1\tps\mingw\6.2.0\win64.o\nt\bin;C:/Xilinx/Vivado/2019.1\tps\mingw\6.2.0\win64.o\nt\libexec\gcc\x86_64-w64-mingw32\6.2.0;C:/Xilinx/Vivado/2019.1\tps\win64\python-2.7.5;C:/Xilinx/Vivado/2019.1\tps\win64\python-2.7.5\lib;C:/Xilinx/Vivado/2019.1\tps\win64\python-2.7.5\Lib\lib-tk;C:/Xilinx/Vivado/2019.1\tps\win64\python-2.7.5\lib\site-packages
USERNAME=Simen
OS=Windows_NT
PROCESSOR_IDENTIFIER=Intel64 Family 6 Model 158 Stepping 10, GenuineIntel



---------------  S Y S T E M  ---------------

OS: Windows 10 , 64 bit Build 18362 (10.0.18362.1110)

CPU:total 12 (initial active 12) (6 cores per cpu, 2 threads per core) family 6 model 158 stepping 10, cmov, cx8, fxsr, mmx, sse, sse2, sse3, ssse3, sse4.1, sse4.2, popcnt, avx, avx2, aes, clmul, erms, 3dnowpref, lzcnt, ht, tsc, tscinvbit, bmi1, bmi2, adx, fma

Memory: 4k page, physical 8109380k(2499712k free), swap 16218760k(6337016k free)

vm_info: Java HotSpot(TM) 64-Bit Server VM (9.0.4+11) for windows-amd64 JRE (9.0.4+11), built on Dec 20 2017 02:18:54 by "mach5one" with MS VC++ 12.0 (VS2013)

END.
